\BOOKMARK [0][-]{chapter*.7}{\376\377\000P\000r\000e\000f\000a\000c\000e}{}% 1
\BOOKMARK [0][-]{chapter*.8}{\376\377\000I\000n\000t\000r\000o\000d\000u\000c\000t\000i\000o\000n}{}% 2
\BOOKMARK [1][-]{section.0.1}{\376\377\000F\000o\000r\000m\000a\000t}{chapter*.8}% 3
\BOOKMARK [1][-]{section.0.2}{\376\377\000O\000b\000e\000s\000i\000t\000y\000\040\000o\000n\000\040\000t\000h\000e\000\040\000r\000i\000s\000e}{chapter*.8}% 4
\BOOKMARK [1][-]{section.0.3}{\376\377\000O\000b\000e\000s\000i\000t\000y\000\040\000i\000s\000\040\000a\000\040\000m\000o\000d\000i\000f\000i\000a\000b\000l\000e\000\040\000r\000i\000s\000k\000\040\000f\000a\000c\000t\000o\000r\000\040\000f\000o\000r\000\040\000c\000a\000r\000d\000i\000o\000v\000a\000s\000c\000u\000l\000a\000r\000\040\000d\000i\000s\000e\000a\000s\000e}{chapter*.8}% 5
\BOOKMARK [1][-]{section.0.4}{\376\377\000M\000e\000n\000d\000e\000l\000i\000a\000n\000\040\000r\000a\000n\000d\000o\000m\000i\000s\000a\000t\000i\000o\000n\000\040\000c\000a\000n\000\040\000b\000e\000\040\000u\000s\000e\000d\000\040\000t\000o\000\040\000e\000x\000p\000l\000o\000r\000e\000\040\000c\000a\000u\000s\000a\000l\000i\000t\000y}{chapter*.8}% 6
\BOOKMARK [1][-]{section.0.5}{\376\377\000M\000e\000c\000h\000a\000n\000i\000s\000m\000s\000\040\000o\000f\000\040\000o\000b\000e\000s\000i\000t\000y\000-\000r\000e\000l\000a\000t\000e\000d\000\040\000c\000a\000r\000d\000i\000o\000v\000a\000s\000c\000u\000l\000a\000r\000\040\000d\000i\000s\000e\000a\000s\000e}{chapter*.8}% 7
\BOOKMARK [1][-]{section.0.6}{\376\377\000P\000l\000a\000s\000m\000a\000\040\000m\000a\000r\000k\000e\000r\000s\000\040\000o\000f\000\040\000o\000b\000e\000s\000i\000t\000y}{chapter*.8}% 8
\BOOKMARK [1][-]{section.0.7}{\376\377\000P\000l\000a\000t\000e\000l\000e\000t\000s\000\040\000a\000r\000e\000\040\000k\000e\000y\000\040\000c\000e\000l\000l\000s\000\040\000i\000n\000v\000o\000l\000v\000e\000d\000\040\000i\000n\000\040\000t\000h\000r\000o\000m\000b\000o\000s\000i\000s}{chapter*.8}% 9
\BOOKMARK [1][-]{section.0.8}{\376\377\000I\000m\000p\000o\000r\000t\000a\000n\000c\000e\000\040\000o\000f\000\040\000i\000n\000t\000e\000r\000d\000i\000s\000c\000i\000p\000l\000i\000n\000a\000r\000y\000\040\000m\000e\000t\000h\000o\000d\000s}{chapter*.8}% 10
\BOOKMARK [1][-]{section.0.9}{\376\377\000T\000h\000e\000s\000i\000s\000\040\000a\000i\000m\000s\000\040\000a\000n\000d\000\040\000o\000b\000j\000e\000c\000t\000i\000v\000e\000s}{chapter*.8}% 11
\BOOKMARK [1][-]{section.0.10}{\376\377\000T\000h\000e\000s\000i\000s\000\040\000s\000t\000r\000u\000c\000t\000u\000r\000e}{chapter*.8}% 12
\BOOKMARK [1][-]{section.0.11}{\376\377\000P\000u\000b\000l\000i\000c\000a\000t\000i\000o\000n\000s\000\040\000f\000r\000o\000m\000\040\000t\000h\000e\000\040\000P\000h\000D\000\040\000\050\000i\000n\000\040\000p\000r\000e\000p\000a\000r\000a\000t\000i\000o\000n\000\040\000o\000r\000\040\000p\000u\000b\000l\000i\000s\000h\000e\000d\000\051}{chapter*.8}% 13
\BOOKMARK [1][-]{section.0.12}{\376\377\000P\000r\000e\000s\000e\000n\000t\000a\000t\000i\000o\000n\000s\000\040\000f\000r\000o\000m\000\040\000t\000h\000e\000\040\000P\000h\000D}{chapter*.8}% 14
\BOOKMARK [0][-]{chapter*.10}{\376\377\000B\000a\000c\000k\000g\000r\000o\000u\000n\000d}{}% 15
\BOOKMARK [1][-]{section.0.13}{\376\377\000T\000h\000i\000s\000\040\000s\000e\000c\000t\000i\000o\000n}{chapter*.10}% 16
\BOOKMARK [1][-]{section.0.14}{\376\377\000T\000h\000a\000t\000\040\000s\000e\000c\000t\000i\000o\000n}{chapter*.10}% 17
\BOOKMARK [1][-]{section.0.15}{\376\377\000A\000n\000o\000t\000h\000e\000r\000\040\000s\000e\000c\000t\000i\000o\000n}{chapter*.10}% 18
\BOOKMARK [0][-]{chapter.1}{\376\377\000C\000h\000a\000p\000t\000e\000r\000\040\0001\000:\000\040\000H\000i\000g\000h\000e\000r\000\040\000b\000o\000d\000y\000\040\000m\000a\000s\000s\000\040\000i\000n\000d\000e\000x\000\040\000r\000a\000i\000s\000e\000s\000\040\000i\000m\000m\000a\000t\000u\000r\000e\000\040\000p\000l\000a\000t\000e\000l\000e\000t\000\040\000c\000o\000u\000n\000t\000:\000\040\000e\000v\000i\000d\000e\000n\000c\000e\000\040\000f\000r\000o\000m\000\040\000M\000e\000n\000d\000e\000l\000i\000a\000n\000\040\000r\000a\000n\000d\000o\000m\000i\000z\000a\000t\000i\000o\000n\000\040\000a\000n\000a\000l\000y\000s\000e\000s}{}% 19
\BOOKMARK [1][-]{section.1.1}{\376\377\000B\000a\000c\000k\000g\000r\000o\000u\000n\000d}{chapter.1}% 20
\BOOKMARK [1][-]{section.1.2}{\376\377\000M\000e\000t\000h\000o\000d\000s}{chapter.1}% 21
\BOOKMARK [2][-]{subsection.1.2.1}{\376\377\000S\000t\000u\000d\000y\000\040\000p\000o\000p\000u\000l\000a\000t\000i\000o\000n}{section.1.2}% 22
\BOOKMARK [2][-]{subsection.1.2.2}{\376\377\000M\000e\000a\000s\000u\000r\000e\000m\000e\000n\000t\000\040\000o\000f\000\040\000B\000M\000I\000\040\000a\000n\000d\000\040\000c\000o\000v\000a\000r\000i\000a\000b\000l\000e\000s}{section.1.2}% 23
\BOOKMARK [2][-]{subsection.1.2.3}{\376\377\000M\000e\000a\000s\000u\000r\000e\000m\000e\000n\000t\000\040\000o\000f\000\040\000p\000l\000a\000t\000e\000l\000e\000t\000\040\000t\000r\000a\000i\000t\000s}{section.1.2}% 24
\BOOKMARK [2][-]{subsection.1.2.4}{\376\377\000G\000e\000n\000e\000t\000i\000c\000\040\000d\000a\000t\000a\000\040\000a\000n\000d\000\040\000t\000h\000e\000\040\000a\000s\000s\000o\000c\000i\000a\000t\000i\000o\000n\000\040\000o\000f\000\040\000t\000h\000e\000\040\000g\000e\000n\000e\000t\000i\000c\000\040\000r\000i\000s\000k\000\040\000s\000c\000o\000r\000e\000\040\000\050\000G\000R\000S\000\051\000\040\000w\000i\000t\000h\000\040\000B\000M\000I}{section.1.2}% 25
\BOOKMARK [2][-]{subsection.1.2.5}{\376\377\000S\000t\000a\000t\000i\000s\000t\000i\000c\000a\000l\000\040\000a\000n\000a\000l\000y\000s\000i\000s}{section.1.2}% 26
\BOOKMARK [2][-]{subsection.1.2.6}{\376\377\000F\000o\000l\000l\000o\000w\000-\000u\000p\000\040\000a\000n\000a\000l\000y\000s\000i\000s\000\040\000t\000o\000\040\000e\000x\000p\000l\000o\000r\000e\000\040\000t\000h\000e\000\040\000a\000s\000s\000o\000c\000i\000a\000t\000i\000o\000n\000\040\000b\000e\000t\000w\000e\000e\000n\000\040\000i\000m\000m\000a\000t\000u\000r\000e\000\040\000p\000l\000a\000t\000e\000l\000e\000t\000s\000\040\000a\000n\000d\000\040\000a\000g\000g\000r\000e\000g\000a\000t\000i\000o\000n}{section.1.2}% 27
\BOOKMARK [2][-]{subsection.1.2.7}{\376\377\000C\000O\000P\000T\000I\000C\000\040\000s\000t\000u\000d\000y\000\040\000v\000a\000r\000i\000a\000b\000l\000e\000s}{section.1.2}% 28
\BOOKMARK [2][-]{subsection.1.2.8}{\376\377\000C\000O\000P\000T\000I\000C\000\040\000s\000t\000a\000t\000i\000s\000t\000i\000c\000a\000l\000\040\000a\000n\000a\000l\000y\000s\000i\000s}{section.1.2}% 29
\BOOKMARK [1][-]{section.1.3}{\376\377\000R\000e\000s\000u\000l\000t\000s}{chapter.1}% 30
\BOOKMARK [2][-]{subsection.1.3.1}{\376\377\000I\000N\000T\000E\000R\000V\000A\000L\000\040\000p\000a\000r\000t\000i\000c\000i\000p\000a\000n\000t\000\040\000c\000h\000a\000r\000a\000c\000t\000e\000r\000i\000s\000t\000i\000c\000s}{section.1.3}% 31
\BOOKMARK [2][-]{subsection.1.3.2}{\376\377\000C\000o\000r\000r\000e\000l\000a\000t\000i\000o\000n\000\040\000b\000e\000t\000w\000e\000e\000n\000\040\000p\000l\000a\000t\000e\000l\000e\000t\000\040\000t\000r\000a\000i\000t\000s\000\040\000i\000n\000\040\000I\000N\000T\000E\000R\000V\000A\000L}{section.1.3}% 32
\BOOKMARK [2][-]{subsection.1.3.3}{\376\377\000O\000b\000s\000e\000r\000v\000a\000t\000i\000o\000n\000a\000l\000\040\000a\000s\000s\000o\000c\000i\000a\000t\000i\000o\000n\000s\000\040\000b\000e\000t\000w\000e\000e\000n\000\040\000B\000M\000I\000\040\000a\000n\000d\000\040\000p\000l\000a\000t\000e\000l\000e\000t\000\040\000t\000r\000a\000i\000t\000s\000\040\000i\000n\000\040\000I\000N\000T\000E\000R\000V\000A\000L}{section.1.3}% 33
\BOOKMARK [2][-]{subsection.1.3.4}{\376\377\000A\000s\000s\000o\000c\000i\000a\000t\000i\000o\000n\000s\000\040\000o\000f\000\040\000c\000o\000v\000a\000r\000i\000a\000b\000l\000e\000s\000\040\000w\000i\000t\000h\000\040\000B\000M\000I\000\040\000a\000n\000d\000\040\000p\000l\000a\000t\000e\000l\000e\000t\000\040\000t\000r\000a\000i\000t\000s\000\040\000i\000n\000\040\000I\000N\000T\000E\000R\000V\000A\000L}{section.1.3}% 34
\BOOKMARK [2][-]{subsection.1.3.5}{\376\377\000G\000R\000S\000\040\000f\000o\000r\000\040\000B\000M\000I\000\040\000a\000s\000s\000o\000c\000i\000a\000t\000i\000o\000n\000s\000\040\000w\000i\000t\000h\000\040\000B\000M\000I\000\040\000a\000n\000d\000\040\000c\000o\000v\000a\000r\000i\000a\000b\000l\000e\000s}{section.1.3}% 35
\BOOKMARK [2][-]{subsection.1.3.6}{\376\377\000M\000e\000n\000d\000e\000l\000i\000a\000n\000\040\000r\000a\000n\000d\000o\000m\000i\000z\000a\000t\000i\000o\000n\000\040\000e\000s\000t\000i\000m\000a\000t\000e\000s\000\040\000f\000o\000r\000\040\000t\000h\000e\000\040\000a\000s\000s\000o\000c\000i\000a\000t\000i\000o\000n\000\040\000b\000e\000t\000w\000e\000e\000n\000\040\000B\000M\000I\000\040\000a\000n\000d\000\040\000p\000l\000a\000t\000e\000l\000e\000t\000\040\000t\000r\000a\000i\000t\000s}{section.1.3}% 36
\BOOKMARK [2][-]{subsection.1.3.7}{\376\377\000F\000o\000l\000l\000o\000w\000-\000u\000p\000\040\000a\000s\000s\000o\000c\000i\000a\000t\000i\000o\000n\000s\000\040\000b\000e\000t\000w\000e\000e\000n\000\040\000I\000P\000C\000\040\000a\000n\000d\000\040\000w\000h\000o\000l\000e\000\040\000b\000l\000o\000o\000d\000\040\000a\000g\000g\000r\000e\000g\000a\000t\000i\000o\000n\000\040\000i\000n\000\040\000C\000O\000P\000T\000I\000C}{section.1.3}% 37
\BOOKMARK [2][-]{subsection.1.3.8}{\376\377\000C\000O\000P\000T\000I\000C\000\040\000p\000a\000r\000t\000i\000c\000i\000p\000a\000n\000t\000\040\000c\000h\000a\000r\000a\000c\000t\000e\000r\000i\000s\000t\000i\000c\000s}{section.1.3}% 38
\BOOKMARK [2][-]{subsection.1.3.9}{\376\377\000A\000s\000s\000o\000c\000i\000a\000t\000i\000o\000n\000\040\000b\000e\000t\000w\000e\000e\000n\000\040\000I\000P\000C\000\040\000a\000n\000d\000\040\000a\000g\000g\000r\000e\000g\000a\000t\000i\000o\000n\000\040\000i\000n\000\040\000C\000O\000P\000T\000I\000C\000\040\000c\000o\000h\000o\000r\000t}{section.1.3}% 39
\BOOKMARK [1][-]{section.1.4}{\376\377\000D\000i\000s\000c\000u\000s\000s\000i\000o\000n}{chapter.1}% 40
\BOOKMARK [0][-]{chapter.2}{\376\377\000C\000h\000a\000p\000t\000e\000r\000\040\0002\000:\000\040\000T\000h\000e\000\040\000e\000f\000f\000e\000c\000t\000\040\000o\000f\000\040\000o\000b\000e\000s\000i\000t\000y\000\040\000o\000n\000\040\000p\000l\000a\000t\000e\000l\000e\000t\000\040\000f\000u\000n\000c\000t\000i\000o\000n\000:\000\040\000a\000\040\000c\000l\000i\000n\000i\000c\000a\000l\000\040\000p\000i\000l\000o\000t\000\040\000s\000t\000u\000d\000y}{}% 41
\BOOKMARK [1][-]{section.2.1}{\376\377\000B\000a\000c\000k\000g\000r\000o\000u\000n\000d}{chapter.2}% 42
\BOOKMARK [2][-]{subsection.2.1.1}{\376\377\000O\000b\000e\000s\000i\000t\000y\000\040\000i\000s\000\040\000a\000s\000s\000o\000c\000i\000a\000t\000e\000d\000\040\000w\000i\000t\000h\000\040\000c\000a\000r\000d\000i\000o\000v\000a\000s\000c\000u\000l\000a\000r\000\040\000e\000v\000e\000n\000t\000s\000\040\000e\000.\000g\000.\000\040\000h\000e\000a\000r\000t\000\040\000a\000t\000t\000a\000c\000k\000s\000\040\000a\000n\000d\000\040\000s\000t\000r\000o\000k\000e}{section.2.1}% 43
\BOOKMARK [2][-]{subsection.2.1.2}{\376\377\000P\000l\000a\000t\000e\000l\000e\000t\000s\000\040\000a\000r\000e\000\040\000a\000\040\000k\000e\000y\000\040\000c\000e\000l\000l\000\040\000i\000n\000v\000o\000l\000v\000e\000d\000\040\000i\000n\000\040\000t\000h\000r\000o\000m\000b\000o\000s\000i\000s}{section.2.1}% 44
\BOOKMARK [1][-]{section.2.2}{\376\377\000M\000e\000t\000h\000o\000d\000s}{chapter.2}% 45
\BOOKMARK [2][-]{subsection.2.2.1}{\376\377\000M\000a\000t\000e\000r\000i\000a\000l\000s}{section.2.2}% 46
\BOOKMARK [2][-]{subsection.2.2.2}{\376\377\000S\000t\000u\000d\000y\000\040\000p\000o\000p\000u\000l\000a\000t\000i\000o\000n}{section.2.2}% 47
\BOOKMARK [2][-]{subsection.2.2.3}{\376\377\000I\000s\000o\000l\000a\000t\000i\000o\000n\000\040\000o\000f\000\040\000p\000l\000a\000t\000e\000l\000e\000t\000\040\000r\000i\000c\000h\000\040\000p\000l\000a\000s\000m\000a\000\040\000\050\000P\000R\000P\000\051\000\040\000a\000n\000d\000\040\000p\000l\000a\000t\000e\000l\000e\000t\000\040\000l\000y\000s\000a\000t\000e\000s}{section.2.2}% 48
\BOOKMARK [2][-]{subsection.2.2.4}{\376\377\000P\000l\000a\000t\000e\000l\000e\000t\000\040\000p\000a\000r\000a\000m\000e\000t\000e\000r\000s\000\040\000m\000e\000a\000s\000u\000r\000e\000d\000\040\000b\000y\000\040\000S\000y\000s\000m\000e\000x}{section.2.2}% 49
\BOOKMARK [2][-]{subsection.2.2.5}{\376\377\000I\000n\000t\000e\000g\000r\000i\000n\000\040\003\261\000I\000I\000b\003\262\0003\000\040\000a\000c\000t\000i\000v\000a\000t\000i\000o\000n\000\040\000a\000n\000d\000\040\000P\000-\000s\000e\000l\000e\000c\000t\000i\000n\000\040\000e\000x\000p\000r\000e\000s\000s\000i\000o\000n\000\040\000m\000e\000a\000s\000u\000r\000e\000d\000\040\000b\000y\000\040\000f\000l\000o\000w\000\040\000c\000y\000t\000o\000m\000e\000t\000r\000y}{section.2.2}% 50
\BOOKMARK [2][-]{subsection.2.2.6}{\376\377\000S\000u\000r\000f\000a\000c\000e\000\040\000r\000e\000c\000e\000p\000t\000o\000r\000\040\000l\000e\000v\000e\000l\000s\000\040\000m\000e\000a\000s\000u\000r\000e\000d\000\040\000b\000y\000\040\000f\000l\000o\000w\000\040\000c\000y\000t\000o\000m\000e\000t\000r\000y}{section.2.2}% 51
\BOOKMARK [2][-]{subsection.2.2.7}{\376\377\000P\000l\000a\000t\000e\000l\000e\000t\000-\000n\000e\000u\000t\000r\000o\000p\000h\000i\000l\000\040\000a\000s\000s\000a\000y\000\040\000m\000e\000a\000s\000u\000r\000e\000d\000\040\000b\000y\000\040\000f\000l\000o\000w\000\040\000c\000y\000t\000o\000m\000e\000t\000r\000y}{section.2.2}% 52
\BOOKMARK [2][-]{subsection.2.2.8}{\376\377\000T\000a\000n\000d\000e\000m\000\040\000M\000a\000s\000s\000\040\000T\000a\000g\000\040\000M\000a\000s\000s\000\040\000S\000p\000e\000c\000t\000r\000o\000m\000e\000t\000r\000y\000\040\000\050\000T\000M\000T\000-\000M\000S\000\051\000\040\000q\000u\000a\000n\000t\000i\000f\000i\000c\000a\000t\000i\000o\000n\000\040\000o\000f\000\040\000p\000l\000a\000t\000e\000l\000e\000t\000\040\000p\000r\000o\000t\000e\000i\000n\000s}{section.2.2}% 53
\BOOKMARK [2][-]{subsection.2.2.9}{\376\377\000S\000t\000a\000t\000i\000s\000t\000i\000c\000a\000l\000\040\000a\000n\000a\000l\000y\000s\000i\000s}{section.2.2}% 54
\BOOKMARK [1][-]{section.2.3}{\376\377\000R\000e\000s\000u\000l\000t\000s}{chapter.2}% 55
\BOOKMARK [2][-]{subsection.2.3.1}{\376\377\000P\000a\000r\000t\000i\000c\000i\000p\000a\000n\000t\000\040\000c\000h\000a\000r\000a\000c\000t\000e\000r\000i\000s\000t\000i\000c\000s}{section.2.3}% 56
\BOOKMARK [2][-]{subsection.2.3.2}{\376\377\000P\000l\000a\000t\000e\000l\000e\000t\000\040\000p\000a\000r\000a\000m\000e\000t\000e\000r\000s}{section.2.3}% 57
\BOOKMARK [2][-]{subsection.2.3.3}{\376\377\000B\000a\000s\000a\000l\000\040\000r\000e\000c\000e\000p\000t\000o\000r\000s}{section.2.3}% 58
\BOOKMARK [2][-]{subsection.2.3.4}{\376\377\000A\000g\000o\000n\000i\000s\000t\000-\000i\000n\000d\000u\000c\000e\000d\000\040\000i\000n\000t\000e\000g\000r\000i\000n\000\040\003\261\000I\000I\000b\003\262\0003\000\040\000a\000n\000d\000\040\000P\000-\000s\000e\000l\000e\000c\000t\000i\000n\000\040\000e\000x\000p\000r\000e\000s\000s\000i\000o\000n}{section.2.3}% 59
\BOOKMARK [2][-]{subsection.2.3.5}{\376\377\000P\000l\000a\000t\000e\000l\000e\000t\000-\000n\000e\000u\000t\000r\000o\000p\000h\000i\000l\000\040\000a\000g\000g\000r\000e\000g\000a\000t\000e\000s}{section.2.3}% 60
\BOOKMARK [2][-]{subsection.2.3.6}{\376\377\000P\000r\000o\000t\000e\000o\000m\000i\000c\000s}{section.2.3}% 61
\BOOKMARK [1][-]{section.2.4}{\376\377\000D\000i\000s\000c\000u\000s\000s\000i\000o\000n}{chapter.2}% 62
\BOOKMARK [0][-]{chapter.3}{\376\377\000C\000h\000a\000p\000t\000e\000r\000\040\0003\000:\000\040\000P\000a\000t\000h\000w\000a\000y\000s\000\040\000l\000i\000n\000k\000i\000n\000g\000\040\000B\000M\000I\000\040\000a\000n\000d\000\040\000p\000l\000a\000t\000e\000l\000e\000t\000\040\000f\000u\000n\000c\000t\000i\000o\000n\000:\000\040\000d\000o\000\040\000t\000h\000e\000\040\000c\000h\000e\000m\000o\000k\000i\000n\000e\000s\000\040\000M\000D\000C\000\040\000a\000n\000d\000\040\000T\000A\000R\000C\000\040\000p\000l\000a\000y\000\040\000a\000\040\000r\000o\000l\000e\000?}{}% 63
\BOOKMARK [1][-]{section.3.1}{\376\377\000B\000a\000c\000k\000g\000r\000o\000u\000n\000d}{chapter.3}% 64
\BOOKMARK [1][-]{section.3.2}{\376\377\000M\000e\000t\000h\000o\000d\000s}{chapter.3}% 65
\BOOKMARK [2][-]{subsection.3.2.1}{\376\377\000M\000a\000t\000e\000r\000i\000a\000l\000s}{section.3.2}% 66
\BOOKMARK [2][-]{subsection.3.2.2}{\376\377\000I\000s\000o\000l\000a\000t\000i\000o\000n\000\040\000o\000f\000\040\000h\000u\000m\000a\000n\000\040\000p\000l\000a\000t\000e\000l\000e\000t\000s}{section.3.2}% 67
\BOOKMARK [2][-]{subsection.3.2.3}{\376\377\000P\000l\000a\000t\000e\000l\000e\000t\000\040\000a\000g\000g\000r\000e\000g\000a\000t\000i\000o\000n}{section.3.2}% 68
\BOOKMARK [2][-]{subsection.3.2.4}{\376\377\000P\000l\000a\000t\000e\000\040\000p\000l\000a\000t\000e\000l\000e\000t\000\040\000a\000g\000g\000r\000e\000g\000a\000t\000i\000o\000n}{section.3.2}% 69
\BOOKMARK [2][-]{subsection.3.2.5}{\376\377\000F\000l\000o\000w\000\040\000c\000y\000t\000o\000m\000e\000t\000r\000y\000:\000\040\000i\000n\000t\000e\000g\000r\000i\000n\000\040\003\261\000I\000I\000b\003\262\0003\000\040\000a\000c\000t\000i\000v\000a\000t\000i\000o\000n\000\040\000a\000n\000d\000\040\000P\000-\000s\000e\000l\000e\000c\000t\000i\000n\000\040\000e\000x\000p\000r\000e\000s\000s\000i\000o\000n}{section.3.2}% 70
\BOOKMARK [2][-]{subsection.3.2.6}{\376\377\000F\000l\000o\000w\000\040\000c\000y\000t\000o\000m\000e\000t\000r\000y\000:\000\040\000p\000h\000o\000s\000p\000h\000o\000-\000V\000A\000S\000P}{section.3.2}% 71
\BOOKMARK [2][-]{subsection.3.2.7}{\376\377\000W\000e\000s\000t\000e\000r\000n\000\040\000b\000l\000o\000t\000t\000i\000n\000g}{section.3.2}% 72
\BOOKMARK [2][-]{subsection.3.2.8}{\376\377\000C\000a\000l\000c\000i\000u\000m\000\040\000m\000o\000b\000i\000l\000i\000s\000a\000t\000i\000o\000n}{section.3.2}% 73
\BOOKMARK [2][-]{subsection.3.2.9}{\376\377\000S\000t\000a\000t\000i\000s\000t\000i\000c\000a\000l\000\040\000a\000n\000a\000l\000y\000s\000i\000s}{section.3.2}% 74
\BOOKMARK [2][-]{subsection.3.2.10}{\376\377\000T\000w\000o\000\040\000s\000a\000m\000p\000l\000e\000\040\000M\000R\000\040\000l\000o\000o\000k\000u\000p\000\040\000u\000s\000i\000n\000g\000\040\000E\000p\000i\000g\000r\000a\000h\000D\000B}{section.3.2}% 75
\BOOKMARK [1][-]{section.3.3}{\376\377\000R\000e\000s\000u\000l\000t\000s}{chapter.3}% 76
\BOOKMARK [2][-]{subsection.3.3.1}{\376\377\000P\000r\000i\000m\000i\000n\000g\000\040\000e\000f\000f\000e\000c\000t\000s\000\040\000o\000f\000\040\000M\000D\000C\000\040\000a\000n\000d\000\040\000T\000A\000R\000C\000\040\000o\000n\000\040\000p\000l\000a\000t\000e\000l\000e\000t\000\040\000a\000g\000g\000r\000e\000g\000a\000t\000i\000o\000n\000\040\000i\000n\000\040\000w\000a\000s\000h\000e\000d\000\040\000p\000l\000a\000t\000e\000l\000e\000t\000s\000\040\000u\000s\000i\000n\000g\000\040\000l\000i\000g\000h\000t\000\040\000t\000r\000a\000n\000s\000m\000i\000t\000t\000a\000n\000c\000e\000\040\000a\000g\000g\000r\000e\000g\000o\000m\000e\000t\000r\000y}{section.3.3}% 77
\BOOKMARK [2][-]{subsection.3.3.2}{\376\377\000P\000r\000i\000m\000i\000n\000g\000\040\000e\000f\000f\000e\000c\000t\000s\000\040\000o\000f\000\040\000M\000D\000C\000\040\000a\000n\000d\000\040\000T\000A\000R\000C\000\040\000o\000n\000\040\000P\000A\000R\0001\000-\000A\000P\000\040\000i\000n\000d\000u\000c\000e\000d\000\040\000i\000n\000t\000e\000g\000r\000i\000n\000\040\003\261\000I\000I\000b\003\262\0003\000\040\000a\000c\000t\000i\000v\000a\000t\000i\000o\000n\000\040\000a\000n\000d\000\040\000P\000-\000s\000e\000l\000e\000c\000t\000i\000n\000\040\000e\000x\000p\000r\000e\000s\000s\000i\000o\000n}{section.3.3}% 78
\BOOKMARK [1][-]{section.3.4}{\376\377\000E\000f\000f\000e\000c\000t\000s\000\040\000o\000f\000\040\000M\000D\000C\000\040\000a\000n\000d\000\040\000T\000A\000R\000C\000\040\000o\000n\000\040\000P\000A\000R\0001\000-\000A\000P\000\040\000i\000n\000d\000u\000c\000e\000d\000\040\000P\000S\000\040\000e\000x\000p\000o\000s\000u\000r\000e}{chapter.3}% 79
\BOOKMARK [2][-]{subsection.3.4.1}{\376\377\000M\000e\000c\000h\000a\000n\000i\000s\000m\000\040\000o\000f\000\040\000M\000D\000C\000\040\000a\000n\000d\000\040\000T\000A\000R\000C\000\040\000p\000r\000i\000m\000i\000n\000g\000\040\000i\000n\000\040\000w\000a\000s\000h\000e\000d\000\040\000p\000l\000a\000t\000e\000l\000e\000t\000s}{section.3.4}% 80
\BOOKMARK [2][-]{subsection.3.4.2}{\376\377\000E\000f\000f\000e\000c\000t\000s\000\040\000o\000f\000\040\000M\000D\000C\000\040\000a\000n\000d\000\040\000T\000A\000R\000C\000\040\000o\000n\000\040\000p\000h\000o\000s\000p\000h\000o\000-\000V\000A\000S\000P\000\040\000l\000e\000v\000e\000l\000s}{section.3.4}% 81
\BOOKMARK [2][-]{subsection.3.4.3}{\376\377\000E\000f\000f\000e\000c\000t\000s\000\040\000o\000f\000\040\000M\000D\000C\000\040\000a\000n\000d\000\040\000T\000A\000R\000C\000\040\000a\000l\000o\000n\000e\000\040\000o\000n\000\040\000a\000g\000g\000r\000e\000g\000a\000t\000i\000o\000n\000\040\000i\000n\000\040\000w\000a\000s\000h\000e\000d\000\040\000p\000l\000a\000t\000e\000l\000e\000t\000s}{section.3.4}% 82
\BOOKMARK [2][-]{subsection.3.4.4}{\376\377\000E\000f\000f\000e\000c\000t\000s\000\040\000o\000f\000\040\000M\000D\000C\000\040\000a\000n\000d\000\040\000T\000A\000R\000C\000\040\000a\000l\000o\000n\000e\000\040\000o\000n\000\040\000c\000a\000l\000c\000i\000u\000m\000\040\000m\000o\000b\000i\000l\000i\000s\000a\000t\000i\000o\000n}{section.3.4}% 83
\BOOKMARK [2][-]{subsection.3.4.5}{\376\377\000P\000r\000i\000m\000i\000n\000g\000\040\000e\000f\000f\000e\000c\000t\000s\000\040\000o\000f\000\040\000M\000D\000C\000\040\000a\000n\000d\000\040\000T\000A\000R\000C\000\040\000o\000n\000\040\000p\000l\000a\000t\000e\000l\000e\000t\000\040\000a\000g\000g\000r\000e\000g\000a\000t\000i\000o\000n\000\040\000i\000n\000\040\000P\000R\000P}{section.3.4}% 84
\BOOKMARK [2][-]{subsection.3.4.6}{\376\377\000M\000e\000c\000h\000a\000n\000i\000s\000m\000s\000\040\000o\000f\000\040\000t\000h\000e\000\040\000e\000f\000f\000e\000c\000t\000\040\000o\000f\000\040\000M\000D\000C\000\040\000o\000n\000\040\000p\000l\000a\000t\000e\000l\000e\000t\000\040\000a\000g\000g\000r\000e\000g\000a\000t\000i\000o\000n\000\040\000i\000n\000\040\000P\000R\000P}{section.3.4}% 85
\BOOKMARK [1][-]{section.3.5}{\376\377\000T\000w\000o\000\040\000s\000a\000m\000p\000l\000e\000\040\000M\000e\000n\000d\000e\000l\000i\000a\000n\000\040\000r\000a\000n\000d\000o\000m\000i\000a\000t\000i\000o\000n\000\040\000t\000o\000\040\000a\000s\000s\000e\000s\000s\000\040\000t\000h\000e\000\040\000r\000o\000l\000e\000\040\000o\000f\000\040\000M\000D\000C\000\040\000\050\000C\000C\000L\0002\0002\000\051\000\040\000a\000n\000d\000\040\000T\000A\000R\000C\000\040\000\050\000C\000C\000L\0001\0007\000\051\000\040\000i\000n\000\040\000d\000i\000s\000e\000a\000s\000e}{chapter.3}% 86
\BOOKMARK [2][-]{subsection.3.5.1}{\376\377\000M\000D\000C\000\040\000i\000m\000p\000l\000i\000c\000a\000t\000e\000d\000\040\000i\000n\000\040\000D\000V\000T}{section.3.5}% 87
\BOOKMARK [2][-]{subsection.3.5.2}{\376\377\000T\000A\000R\000C}{section.3.5}% 88
\BOOKMARK [1][-]{section.3.6}{\376\377\000D\000i\000s\000c\000u\000s\000s\000i\000o\000n}{chapter.3}% 89
\BOOKMARK [0][-]{chapter.4}{\376\377\000C\000h\000a\000p\000t\000e\000r\000\040\0004\000:\000\040\000E\000f\000f\000e\000c\000t\000s\000\040\000o\000f\000\040\000a\000d\000i\000p\000o\000s\000i\000t\000y\000\040\000o\000n\000\040\000t\000h\000e\000\040\000h\000u\000m\000a\000n\000\040\000p\000l\000a\000s\000m\000a\000\040\000p\000r\000o\000t\000e\000o\000m\000e\000:\000\040\000O\000b\000s\000e\000r\000v\000a\000t\000i\000o\000n\000a\000l\000\040\000a\000n\000d\000\040\000M\000e\000n\000d\000e\000l\000i\000a\000n\000\040\000r\000a\000n\000d\000o\000m\000i\000z\000a\000t\000i\000o\000n\000\040\000e\000s\000t\000i\000m\000a\000t\000e\000s}{}% 90
\BOOKMARK [1][-]{section.4.1}{\376\377\000I\000n\000t\000r\000o\000d\000u\000c\000t\000i\000o\000n}{chapter.4}% 91
\BOOKMARK [1][-]{section.4.2}{\376\377\000M\000e\000t\000h\000o\000d\000s}{chapter.4}% 92
\BOOKMARK [2][-]{subsection.4.2.1}{\376\377\000S\000t\000u\000d\000y\000\040\000p\000o\000p\000u\000l\000a\000t\000i\000o\000n}{section.4.2}% 93
\BOOKMARK [2][-]{subsection.4.2.2}{\376\377\000A\000s\000s\000e\000s\000s\000m\000e\000n\000t\000\040\000o\000f\000\040\000B\000M\000I\000\040\000a\000n\000d\000\040\000c\000o\000v\000a\000r\000i\000a\000b\000l\000e\000s}{section.4.2}% 94
\BOOKMARK [2][-]{subsection.4.2.3}{\376\377\000M\000e\000a\000s\000u\000r\000e\000m\000e\000n\000t\000\040\000o\000f\000\040\000c\000i\000r\000c\000u\000l\000a\000t\000i\000n\000g\000\040\000p\000r\000o\000t\000e\000i\000n\000s}{section.4.2}% 95
\BOOKMARK [2][-]{subsection.4.2.4}{\376\377\000G\000e\000n\000e\000t\000i\000c\000\040\000d\000a\000t\000a\000\040\000a\000n\000d\000\040\000i\000n\000s\000t\000r\000u\000m\000e\000n\000t\000\040\000f\000o\000r\000\040\000B\000M\000I}{section.4.2}% 96
\BOOKMARK [2][-]{subsection.4.2.5}{\376\377\000S\000t\000a\000t\000i\000s\000t\000i\000c\000a\000l\000\040\000a\000n\000a\000l\000y\000s\000e\000s}{section.4.2}% 97
\BOOKMARK [2][-]{subsection.4.2.6}{\376\377\000E\000n\000r\000i\000c\000h\000m\000e\000n\000t\000\040\000a\000n\000a\000l\000y\000s\000i\000s}{section.4.2}% 98
\BOOKMARK [1][-]{section.4.3}{\376\377\000R\000e\000s\000u\000l\000t\000s}{chapter.4}% 99
\BOOKMARK [2][-]{subsection.4.3.1}{\376\377\000P\000a\000r\000t\000i\000c\000i\000p\000a\000n\000t\000\040\000c\000h\000a\000r\000a\000c\000t\000e\000r\000i\000s\000t\000i\000c\000s}{section.4.3}% 100
\BOOKMARK [2][-]{subsection.4.3.2}{\376\377\000O\000b\000s\000e\000r\000v\000a\000t\000i\000o\000n\000a\000l\000\040\000e\000s\000t\000i\000m\000a\000t\000e\000s\000\040\000o\000f\000\040\000a\000s\000s\000o\000c\000i\000a\000t\000i\000o\000n\000s\000\040\000o\000f\000\040\000B\000M\000I\000\040\000w\000i\000t\000h\000\040\000p\000r\000o\000t\000e\000i\000n\000\040\000t\000r\000a\000i\000t\000s}{section.4.3}% 101
\BOOKMARK [2][-]{subsection.4.3.3}{\376\377\000O\000b\000s\000e\000r\000v\000a\000t\000i\000o\000n\000a\000l\000\040\000a\000s\000s\000o\000c\000i\000a\000t\000i\000o\000n\000s\000\040\000o\000f\000\040\000c\000o\000v\000a\000r\000i\000a\000b\000l\000e\000s\000\040\000w\000i\000t\000h\000\040\000B\000M\000I\000\040\000a\000n\000d\000\040\000p\000r\000o\000t\000e\000i\000n\000\040\000t\000r\000a\000i\000t\000s}{section.4.3}% 102
\BOOKMARK [2][-]{subsection.4.3.4}{\376\377\000A\000s\000s\000o\000c\000i\000a\000t\000i\000o\000n\000s\000\040\000o\000f\000\040\000t\000h\000e\000\040\000G\000R\000S\000\040\000f\000o\000r\000\040\000B\000M\000I\000\040\000w\000i\000t\000h\000\040\000m\000e\000a\000s\000u\000r\000e\000d\000\040\000B\000M\000I\000\040\000a\000n\000d\000\040\000c\000o\000v\000a\000r\000i\000a\000b\000l\000e\000s}{section.4.3}% 103
\BOOKMARK [2][-]{subsection.4.3.5}{\376\377\000M\000R\000\040\000e\000s\000t\000i\000m\000a\000t\000e\000s\000\040\000o\000f\000\040\000a\000s\000s\000o\000c\000i\000a\000t\000i\000o\000n\000s\000\040\000b\000e\000t\000w\000e\000e\000n\000\040\000B\000M\000I\000\040\000a\000n\000d\000\040\000p\000r\000o\000t\000e\000i\000n\000\040\000t\000r\000a\000i\000t\000s}{section.4.3}% 104
\BOOKMARK [2][-]{subsection.4.3.6}{\376\377\000C\000o\000m\000p\000a\000r\000i\000s\000o\000n\000\040\000o\000f\000\040\000o\000b\000s\000e\000r\000v\000a\000t\000i\000o\000n\000a\000l\000\040\000a\000n\000d\000\040\000M\000R\000\040\000e\000s\000t\000i\000m\000a\000t\000e\000s}{section.4.3}% 105
\BOOKMARK [2][-]{subsection.4.3.7}{\376\377\000E\000n\000r\000i\000c\000h\000m\000e\000n\000t\000\040\000a\000n\000a\000l\000y\000s\000i\000s\000\040\000o\000f\000\040\000s\000t\000r\000o\000n\000g\000e\000s\000t\000\040\000B\000M\000I\000-\000p\000r\000o\000t\000e\000i\000n\000\040\000a\000s\000s\000o\000c\000i\000a\000t\000i\000o\000n\000s}{section.4.3}% 106
\BOOKMARK [1][-]{section.4.4}{\376\377\000D\000i\000s\000c\000u\000s\000s\000i\000o\000n}{chapter.4}% 107
\BOOKMARK [0][-]{chapter.5}{\376\377\000C\000h\000a\000p\000t\000e\000r\000\040\0005\000:\000\040\000U\000s\000i\000n\000g\000\040\000a\000\040\000r\000a\000n\000d\000o\000m\000i\000s\000e\000d\000\040\000c\000o\000n\000t\000r\000o\000l\000\040\000t\000r\000i\000a\000l\000\040\000t\000o\000\040\000e\000x\000p\000l\000o\000r\000e\000\040\000t\000h\000e\000\040\000e\000f\000f\000e\000c\000t\000s\000\040\000o\000f\000\040\000c\000a\000l\000o\000r\000i\000c\000\040\000r\000e\000s\000t\000r\000i\000c\000t\000i\000o\000n\000-\000i\000n\000d\000u\000c\000e\000d\000\040\000w\000e\000i\000g\000h\000t\000\040\000l\000o\000s\000s\000\040\000o\000n\000\040\000t\000h\000e\000\040\000p\000l\000a\000s\000m\000a\000\040\000p\000r\000o\000t\000e\000o\000m\000e}{}% 108
\BOOKMARK [1][-]{section.5.1}{\376\377\000B\000a\000c\000k\000g\000r\000o\000u\000n\000d}{chapter.5}% 109
\BOOKMARK [1][-]{section.5.2}{\376\377\000M\000e\000t\000h\000o\000d\000s}{chapter.5}% 110
\BOOKMARK [2][-]{subsection.5.2.1}{\376\377\000S\000t\000u\000d\000y\000\040\000d\000e\000s\000i\000g\000n\000\040\000a\000n\000d\000\040\000p\000a\000r\000t\000i\000c\000i\000p\000a\000n\000t\000s}{section.5.2}% 111
\BOOKMARK [2][-]{subsection.5.2.2}{\376\377\000I\000n\000c\000l\000u\000d\000e\000d\000\040\000v\000a\000r\000i\000a\000b\000l\000e\000s}{section.5.2}% 112
\BOOKMARK [2][-]{subsection.5.2.3}{\376\377\000P\000r\000o\000t\000e\000o\000m\000i\000c\000s}{section.5.2}% 113
\BOOKMARK [2][-]{subsection.5.2.4}{\376\377\000S\000t\000a\000t\000i\000s\000t\000i\000c\000a\000l\000\040\000a\000n\000a\000l\000y\000s\000i\000s}{section.5.2}% 114
\BOOKMARK [1][-]{section.5.3}{\376\377\000R\000e\000s\000u\000l\000t\000s}{chapter.5}% 115
\BOOKMARK [2][-]{subsection.5.3.1}{\376\377\000P\000a\000r\000t\000i\000c\000i\000p\000a\000n\000t\000\040\000c\000h\000a\000r\000a\000c\000t\000e\000r\000i\000s\000t\000i\000c\000s}{section.5.3}% 116
\BOOKMARK [2][-]{subsection.5.3.2}{\376\377\000O\000b\000s\000e\000r\000v\000a\000t\000i\000o\000n\000a\000l\000\040\000a\000s\000s\000o\000c\000i\000a\000t\000i\000o\000n\000\040\000b\000e\000t\000w\000e\000e\000n\000\040\000B\000M\000I\000\040\000c\000h\000a\000n\000g\000e\000\040\000a\000n\000d\000\040\000p\000r\000o\000t\000e\000i\000n\000\040\000c\000h\000a\000n\000g\000e}{section.5.3}% 117
\BOOKMARK [2][-]{subsection.5.3.3}{\376\377\000A\000s\000s\000o\000c\000i\000a\000t\000i\000o\000n\000\040\000b\000e\000t\000w\000e\000e\000n\000\040\000c\000o\000n\000f\000o\000u\000n\000d\000e\000r\000s\000\040\000a\000n\000d\000\040\000e\000x\000p\000o\000s\000u\000r\000e\000/\000o\000u\000t\000c\000o\000m\000e\000s}{section.5.3}% 118
\BOOKMARK [2][-]{subsection.5.3.4}{\376\377\000A\000s\000s\000o\000c\000i\000a\000t\000i\000o\000n\000\040\000b\000e\000t\000w\000e\000e\000n\000\040\000t\000r\000e\000a\000t\000m\000e\000n\000t\000\040\000g\000r\000o\000u\000p\000\040\000a\000n\000d\000\040\000B\000M\000I\000\040\000c\000h\000a\000n\000g\000e}{section.5.3}% 119
\BOOKMARK [2][-]{subsection.5.3.5}{\376\377\000T\000w\000o\000-\000s\000t\000a\000g\000e\000\040\000l\000e\000a\000s\000t\000\040\000s\000q\000u\000a\000r\000e\000s\000\040\000a\000n\000a\000l\000y\000s\000i\000s}{section.5.3}% 120
\BOOKMARK [2][-]{subsection.5.3.6}{\376\377\000C\000o\000m\000p\000a\000r\000i\000s\000o\000n\000\040\000o\000f\000\040\000o\000b\000s\000e\000r\000v\000a\000t\000i\000o\000n\000a\000l\000\040\000l\000i\000n\000e\000a\000r\000\040\000r\000e\000g\000r\000e\000s\000s\000i\000o\000n\000\040\000a\000n\000d\000\040\000T\000S\000L\000S\000\040\000r\000e\000s\000u\000l\000t\000s\000\040\000f\000o\000r\000\040\000t\000h\000e\000\040\000e\000f\000f\000e\000c\000t\000\040\000o\000f\000\040\000B\000M\000I\000\040\000c\000h\000a\000n\000g\000e\000\040\000o\000n\000\040\000p\000r\000o\000t\000e\000i\000n\000\040\000c\000h\000a\000n\000g\000e}{section.5.3}% 121
\BOOKMARK [2][-]{subsection.5.3.7}{\376\377\000S\000e\000n\000s\000i\000t\000i\000v\000i\000t\000y\000\040\000a\000n\000a\000l\000y\000s\000i\000s}{section.5.3}% 122
\BOOKMARK [2][-]{subsection.5.3.8}{\376\377\000E\000n\000r\000i\000c\000h\000m\000e\000n\000t\000\040\000a\000n\000a\000l\000y\000s\000i\000s}{section.5.3}% 123
\BOOKMARK [2][-]{subsection.5.3.9}{\376\377\000C\000o\000m\000p\000a\000r\000i\000s\000o\000n\000\040\000o\000f\000\040\000B\000M\000I\000\040\000e\000f\000f\000e\000c\000t\000s\000\040\000a\000c\000r\000o\000s\000s\000\040\000D\000i\000R\000E\000C\000T\000\040\000a\000n\000d\000\040\000I\000N\000T\000E\000R\000V\000A\000L}{section.5.3}% 124
\BOOKMARK [1][-]{section.5.4}{\376\377\000D\000i\000s\000c\000u\000s\000s\000i\000o\000n}{chapter.5}% 125
\BOOKMARK [0][-]{chapter.6}{\376\377\000C\000h\000a\000p\000t\000e\000r\000\040\0006\000:\000\040\000P\000r\000o\000t\000e\000i\000n\000\040\000D\000V\000T\000\040\000M\000R\000,\000\040\000e\000n\000r\000i\000c\000h\000m\000e\000n\000t\000\040\000a\000n\000a\000l\000y\000s\000e\000s\000?\000?\000?}{}% 126
\BOOKMARK [0][-]{chapter*.73}{\376\377\000D\000i\000s\000c\000u\000s\000s\000i\000o\000n}{}% 127
\BOOKMARK [1][-]{section.6.1}{\376\377\000O\000v\000e\000r\000a\000l\000l\000\040\000f\000i\000n\000d\000i\000n\000g\000s\000\040\000-\000\040\000t\000a\000b\000l\000e\000\040\000o\000r\000\040\000f\000i\000g\000u\000r\000e\000\040\000?\000?\000?}{chapter*.73}% 128
\BOOKMARK [1][-]{section.6.2}{\376\377\000S\000t\000r\000e\000n\000g\000t\000h\000s\000\040\000a\000n\000d\000\040\000l\000i\000m\000i\000t\000a\000t\000i\000o\000n\000s}{chapter*.73}% 129
\BOOKMARK [1][-]{section.6.3}{\376\377\000F\000u\000t\000u\000r\000e\000\040\000s\000t\000u\000d\000i\000e\000s}{chapter*.73}% 130
\BOOKMARK [1][-]{section.6.4}{\376\377\000W\000i\000d\000e\000r\000\040\000i\000m\000p\000l\000i\000c\000a\000t\000i\000o\000n\000s\000\040\000o\000f\000\040\000f\000i\000n\000d\000i\000n\000g\000s\000\040\000\050\000e\000.\000g\000.\000\040\000c\000l\000i\000n\000i\000c\000a\000l\000\051}{chapter*.73}% 131
\BOOKMARK [1][-]{section.6.5}{\376\377\000O\000v\000e\000r\000a\000l\000\040\000c\000o\000n\000c\000l\000u\000s\000i\000o\000n}{chapter*.73}% 132
\BOOKMARK [0][-]{appendix.A}{\376\377\000A\000p\000p\000e\000n\000d\000i\000x\000\040\000A\000:\000\040\000T\000h\000e\000\040\000F\000i\000r\000s\000t\000\040\000A\000p\000p\000e\000n\000d\000i\000x}{}% 133
\BOOKMARK [0][-]{appendix.B}{\376\377\000A\000p\000p\000e\000n\000d\000i\000x\000\040\000B\000:\000\040\000T\000h\000e\000\040\000S\000e\000c\000o\000n\000d\000\040\000A\000p\000p\000e\000n\000d\000i\000x\000,\000\040\000f\000o\000r\000\040\000F\000u\000n}{}% 134
\BOOKMARK [0][-]{appendix*.74}{\376\377\000R\000e\000f\000e\000r\000e\000n\000c\000e\000s}{}% 135
