This is pdfTeX, Version 3.141592653-2.6-1.40.23 (TeX Live 2022/dev) (preloaded format=pdflatex 2021.9.2)  11 OCT 2021 10:33
entering extended mode
 restricted \write18 enabled.
 %&-line parsing enabled.
**thesis.tex
(./thesis.tex
LaTeX2e <2021-06-01> patch level 1
L3 programming layer <2021-08-27> (./bristolthesis.cls
Document Class: bristolthesis 
(/Users/lg14289/Library/TinyTeX/texmf-dist/tex/latex/base/book.cls
Document Class: book 2021/02/12 v1.4n Standard LaTeX document class
(/Users/lg14289/Library/TinyTeX/texmf-dist/tex/latex/base/bk11.clo
File: bk11.clo 2021/02/12 v1.4n Standard LaTeX file (size option)
)
\c@part=\count182
\c@chapter=\count183
\c@section=\count184
\c@subsection=\count185
\c@subsubsection=\count186
\c@paragraph=\count187
\c@subparagraph=\count188
\c@figure=\count189
\c@table=\count190
\abovecaptionskip=\skip47
\belowcaptionskip=\skip48
\bibindent=\dimen138
) (/Users/lg14289/Library/TinyTeX/texmf-dist/tex/latex/fancyhdr/fancyhdr.sty
Package: fancyhdr 2021/01/28 v4.0.1 Extensive control of page headers and foote
rs
\f@nch@headwidth=\skip49
\f@nch@O@elh=\skip50
\f@nch@O@erh=\skip51
\f@nch@O@olh=\skip52
\f@nch@O@orh=\skip53
\f@nch@O@elf=\skip54
\f@nch@O@erf=\skip55
\f@nch@O@olf=\skip56
\f@nch@O@orf=\skip57
) (/Users/lg14289/Library/TinyTeX/texmf-dist/tex/latex/fancyvrb/fancyvrb.sty
Package: fancyvrb 2021/08/12 v3.8 verbatim text (tvz,hv)
(/Users/lg14289/Library/TinyTeX/texmf-dist/tex/latex/graphics/keyval.sty
Package: keyval 2014/10/28 v1.15 key=value parser (DPC)
\KV@toks@=\toks16
)
\FV@CodeLineNo=\count191
\FV@InFile=\read2
\FV@TabBox=\box50
\c@FancyVerbLine=\count192
\FV@StepNumber=\count193
\FV@OutFile=\write3
) (/Users/lg14289/Library/TinyTeX/texmf-dist/tex/generic/iftex/ifxetex.sty
Package: ifxetex 2019/10/25 v0.7 ifxetex legacy package. Use iftex instead.
(/Users/lg14289/Library/TinyTeX/texmf-dist/tex/generic/iftex/iftex.sty
Package: iftex 2020/03/06 v1.0d TeX engine tests
)) (/Users/lg14289/Library/TinyTeX/texmf-dist/tex/generic/iftex/ifluatex.sty
Package: ifluatex 2019/10/25 v1.5 ifluatex legacy package. Use iftex instead.
) (/Users/lg14289/Library/TinyTeX/texmf-dist/tex/latex/base/fixltx2e.sty
Package: fixltx2e 2016/12/29 v2.1a fixes to LaTeX (obsolete)
Applying: [2015/01/01] Old fixltx2e package on input line 46.

Package fixltx2e Warning: fixltx2e is not required with releases after 2015
(fixltx2e)                All fixes are now in the LaTeX kernel.
(fixltx2e)                See the latexrelease package for details.

Already applied: [0000/00/00] Old fixltx2e package on input line 53.
) (/Users/lg14289/Library/TinyTeX/texmf-dist/tex/latex/base/fontenc.sty
Package: fontenc 2021/04/29 v2.0v Standard LaTeX package
) (/Users/lg14289/Library/TinyTeX/texmf-dist/tex/latex/base/inputenc.sty
Package: inputenc 2021/02/14 v1.3d Input encoding file
\inpenc@prehook=\toks17
\inpenc@posthook=\toks18
) (/Users/lg14289/Library/TinyTeX/texmf-dist/tex/latex/graphics/color.sty
Package: color 2020/02/24 v1.2b Standard LaTeX Color (DPC)
(/Users/lg14289/Library/TinyTeX/texmf-dist/tex/latex/graphics-cfg/color.cfg
File: color.cfg 2016/01/02 v1.6 sample color configuration
)
Package color Info: Driver file: pdftex.def on input line 149.
(/Users/lg14289/Library/TinyTeX/texmf-dist/tex/latex/graphics-def/pdftex.def
File: pdftex.def 2020/10/05 v1.2a Graphics/color driver for pdftex
)) (/Users/lg14289/Library/TinyTeX/texmf-dist/tex/latex/framed/framed.sty
Package: framed 2011/10/22 v 0.96: framed or shaded text with page breaks
\OuterFrameSep=\skip58
\fb@frw=\dimen139
\fb@frh=\dimen140
\FrameRule=\dimen141
\FrameSep=\dimen142
)) (/Users/lg14289/Library/TinyTeX/texmf-dist/tex/latex/graphics/graphicx.sty
Package: graphicx 2020/12/05 v1.2c Enhanced LaTeX Graphics (DPC,SPQR)
(/Users/lg14289/Library/TinyTeX/texmf-dist/tex/latex/graphics/graphics.sty
Package: graphics 2021/03/04 v1.4d Standard LaTeX Graphics (DPC,SPQR)
(/Users/lg14289/Library/TinyTeX/texmf-dist/tex/latex/graphics/trig.sty
Package: trig 2016/01/03 v1.10 sin cos tan (DPC)
) (/Users/lg14289/Library/TinyTeX/texmf-dist/tex/latex/graphics-cfg/graphics.cf
g
File: graphics.cfg 2016/06/04 v1.11 sample graphics configuration
)
Package graphics Info: Driver file: pdftex.def on input line 107.
)
\Gin@req@height=\dimen143
\Gin@req@width=\dimen144
) (/Users/lg14289/Library/TinyTeX/texmf-dist/tex/latex/base/latexsym.sty
Package: latexsym 1998/08/17 v2.2e Standard LaTeX package (lasy symbols)
\symlasy=\mathgroup4
LaTeX Font Info:    Overwriting symbol font `lasy' in version `bold'
(Font)                  U/lasy/m/n --> U/lasy/b/n on input line 52.
) (/Users/lg14289/Library/TinyTeX/texmf-dist/tex/latex/amsmath/amsmath.sty
Package: amsmath 2021/04/20 v2.17j AMS math features
\@mathmargin=\skip59
For additional information on amsmath, use the `?' option.
(/Users/lg14289/Library/TinyTeX/texmf-dist/tex/latex/amsmath/amstext.sty
Package: amstext 2000/06/29 v2.01 AMS text
(/Users/lg14289/Library/TinyTeX/texmf-dist/tex/latex/amsmath/amsgen.sty
File: amsgen.sty 1999/11/30 v2.0 generic functions
\@emptytoks=\toks19
\ex@=\dimen145
)) (/Users/lg14289/Library/TinyTeX/texmf-dist/tex/latex/amsmath/amsbsy.sty
Package: amsbsy 1999/11/29 v1.2d Bold Symbols
\pmbraise@=\dimen146
) (/Users/lg14289/Library/TinyTeX/texmf-dist/tex/latex/amsmath/amsopn.sty
Package: amsopn 2016/03/08 v2.02 operator names
)
\inf@bad=\count194
LaTeX Info: Redefining \frac on input line 234.
\uproot@=\count195
\leftroot@=\count196
LaTeX Info: Redefining \overline on input line 399.
\classnum@=\count197
\DOTSCASE@=\count198
LaTeX Info: Redefining \ldots on input line 496.
LaTeX Info: Redefining \dots on input line 499.
LaTeX Info: Redefining \cdots on input line 620.
\Mathstrutbox@=\box51
\strutbox@=\box52
\big@size=\dimen147
LaTeX Font Info:    Redeclaring font encoding OML on input line 743.
LaTeX Font Info:    Redeclaring font encoding OMS on input line 744.
\macc@depth=\count199
\c@MaxMatrixCols=\count266
\dotsspace@=\muskip16
\c@parentequation=\count267
\dspbrk@lvl=\count268
\tag@help=\toks20
\row@=\count269
\column@=\count270
\maxfields@=\count271
\andhelp@=\toks21
\eqnshift@=\dimen148
\alignsep@=\dimen149
\tagshift@=\dimen150
\tagwidth@=\dimen151
\totwidth@=\dimen152
\lineht@=\dimen153
\@envbody=\toks22
\multlinegap=\skip60
\multlinetaggap=\skip61
\mathdisplay@stack=\toks23
LaTeX Info: Redefining \[ on input line 2923.
LaTeX Info: Redefining \] on input line 2924.
) (/Users/lg14289/Library/TinyTeX/texmf-dist/tex/latex/amsfonts/amssymb.sty
Package: amssymb 2013/01/14 v3.01 AMS font symbols
(/Users/lg14289/Library/TinyTeX/texmf-dist/tex/latex/amsfonts/amsfonts.sty
Package: amsfonts 2013/01/14 v3.01 Basic AMSFonts support
\symAMSa=\mathgroup5
\symAMSb=\mathgroup6
LaTeX Font Info:    Redeclaring math symbol \hbar on input line 98.
LaTeX Font Info:    Overwriting math alphabet `\mathfrak' in version `bold'
(Font)                  U/euf/m/n --> U/euf/b/n on input line 106.
)) (/Users/lg14289/Library/TinyTeX/texmf-dist/tex/latex/amscls/amsthm.sty
Package: amsthm 2020/05/29 v2.20.6
\thm@style=\toks24
\thm@bodyfont=\toks25
\thm@headfont=\toks26
\thm@notefont=\toks27
\thm@headpunct=\toks28
\thm@preskip=\skip62
\thm@postskip=\skip63
\thm@headsep=\skip64
\dth@everypar=\toks29
) (/Users/lg14289/Library/TinyTeX/texmf-dist/tex/latex/tools/longtable.sty
Package: longtable 2021-05-07 v4.16 Multi-page Table package (DPC)
\LTleft=\skip65
\LTright=\skip66
\LTpre=\skip67
\LTpost=\skip68
\LTchunksize=\count272
\LTcapwidth=\dimen154
\LT@head=\box53
\LT@firsthead=\box54
\LT@foot=\box55
\LT@lastfoot=\box56
\LT@gbox=\box57
\LT@cols=\count273
\LT@rows=\count274
\c@LT@tables=\count275
\c@LT@chunks=\count276
\LT@p@ftn=\toks30
) (/Users/lg14289/Library/TinyTeX/texmf-dist/tex/latex/booktabs/booktabs.sty
Package: booktabs 2020/01/12 v1.61803398 Publication quality tables
\heavyrulewidth=\dimen155
\lightrulewidth=\dimen156
\cmidrulewidth=\dimen157
\belowrulesep=\dimen158
\belowbottomsep=\dimen159
\aboverulesep=\dimen160
\abovetopsep=\dimen161
\cmidrulesep=\dimen162
\cmidrulekern=\dimen163
\defaultaddspace=\dimen164
\@cmidla=\count277
\@cmidlb=\count278
\@aboverulesep=\dimen165
\@belowrulesep=\dimen166
\@thisruleclass=\count279
\@lastruleclass=\count280
\@thisrulewidth=\dimen167
) (/Users/lg14289/Library/TinyTeX/texmf-dist/tex/latex/setspace/setspace.sty
Package: setspace 2011/12/19 v6.7a set line spacing
) (/Users/lg14289/Library/TinyTeX/texmf-dist/tex/latex/siunitx/siunitx.sty
Package: siunitx 2021-08-27 v3.0.28 A comprehensive (SI) units package
\l__siunitx_angle_tmp_dim=\dimen168
\l__siunitx_angle_marker_box=\box58
\l__siunitx_angle_unit_box=\box59
\l__siunitx_compound_count_int=\count281
\l__siunitx_number_exponent_fixed_int=\count282
\l__siunitx_number_min_decimal_int=\count283
\l__siunitx_number_min_integer_int=\count284
\l__siunitx_number_round_precision_int=\count285
\l__siunitx_number_group_minimum_int=\count286
\l__siunitx_table_tmp_box=\box60
\l__siunitx_table_tmp_dim=\dimen169
\l__siunitx_table_column_width_dim=\dimen170
\l__siunitx_table_integer_box=\box61
\l__siunitx_table_decimal_box=\box62
\l__siunitx_table_before_box=\box63
\l__siunitx_table_after_box=\box64
\l__siunitx_table_before_dim=\dimen171
\l__siunitx_table_carry_dim=\dimen172
\l__siunitx_unit_tmp_int=\count287
\l__siunitx_unit_position_int=\count288
\l__siunitx_unit_total_int=\count289

(/Users/lg14289/Library/TinyTeX/texmf-dist/tex/latex/l3packages/l3keys2e/l3keys
2e.sty (/Users/lg14289/Library/TinyTeX/texmf-dist/tex/latex/l3kernel/expl3.sty
Package: expl3 2021-08-27 L3 programming layer (loader) 

(/Users/lg14289/Library/TinyTeX/texmf-dist/tex/latex/l3backend/l3backend-pdftex
.def
File: l3backend-pdftex.def 2021-08-04 L3 backend support: PDF output (pdfTeX)
\l__color_backend_stack_int=\count290
\l__pdf_internal_box=\box65
))
Package: l3keys2e 2021-08-27 LaTeX2e option processing using LaTeX3 keys
) (/Users/lg14289/Library/TinyTeX/texmf-dist/tex/latex/tools/array.sty
Package: array 2021/04/20 v2.5e Tabular extension package (FMi)
\col@sep=\dimen173
\ar@mcellbox=\box66
\extrarowheight=\dimen174
\NC@list=\toks31
\extratabsurround=\skip69
\backup@length=\skip70
\ar@cellbox=\box67
)) (/Users/lg14289/Library/TinyTeX/texmf-dist/tex/latex/url/url.sty
\Urlmuskip=\muskip17
Package: url 2013/09/16  ver 3.4  Verb mode for urls, etc.
) (/Users/lg14289/Library/TinyTeX/texmf-dist/tex/latex/hyperref/hyperref.sty
Package: hyperref 2021-06-07 v7.00m Hypertext links for LaTeX
(/Users/lg14289/Library/TinyTeX/texmf-dist/tex/generic/ltxcmds/ltxcmds.sty
Package: ltxcmds 2020-05-10 v1.25 LaTeX kernel commands for general use (HO)
)
(/Users/lg14289/Library/TinyTeX/texmf-dist/tex/generic/pdftexcmds/pdftexcmds.st
y
Package: pdftexcmds 2020-06-27 v0.33 Utility functions of pdfTeX for LuaTeX (HO
)
(/Users/lg14289/Library/TinyTeX/texmf-dist/tex/generic/infwarerr/infwarerr.sty
Package: infwarerr 2019/12/03 v1.5 Providing info/warning/error messages (HO)
)
Package pdftexcmds Info: \pdf@primitive is available.
Package pdftexcmds Info: \pdf@ifprimitive is available.
Package pdftexcmds Info: \pdfdraftmode found.
) (/Users/lg14289/Library/TinyTeX/texmf-dist/tex/generic/kvsetkeys/kvsetkeys.st
y
Package: kvsetkeys 2019/12/15 v1.18 Key value parser (HO)
)
(/Users/lg14289/Library/TinyTeX/texmf-dist/tex/generic/kvdefinekeys/kvdefinekey
s.sty
Package: kvdefinekeys 2019-12-19 v1.6 Define keys (HO)
) (/Users/lg14289/Library/TinyTeX/texmf-dist/tex/generic/pdfescape/pdfescape.st
y
Package: pdfescape 2019/12/09 v1.15 Implements pdfTeX's escape features (HO)
) (/Users/lg14289/Library/TinyTeX/texmf-dist/tex/latex/hycolor/hycolor.sty
Package: hycolor 2020-01-27 v1.10 Color options for hyperref/bookmark (HO)
)
(/Users/lg14289/Library/TinyTeX/texmf-dist/tex/latex/letltxmacro/letltxmacro.st
y
Package: letltxmacro 2019/12/03 v1.6 Let assignment for LaTeX macros (HO)
) (/Users/lg14289/Library/TinyTeX/texmf-dist/tex/latex/auxhook/auxhook.sty
Package: auxhook 2019-12-17 v1.6 Hooks for auxiliary files (HO)
) (/Users/lg14289/Library/TinyTeX/texmf-dist/tex/latex/kvoptions/kvoptions.sty
Package: kvoptions 2020-10-07 v3.14 Key value format for package options (HO)
)
\@linkdim=\dimen175
\Hy@linkcounter=\count291
\Hy@pagecounter=\count292
(/Users/lg14289/Library/TinyTeX/texmf-dist/tex/latex/hyperref/pd1enc.def
File: pd1enc.def 2021-06-07 v7.00m Hyperref: PDFDocEncoding definition (HO)
Now handling font encoding PD1 ...
... no UTF-8 mapping file for font encoding PD1
)
(/Users/lg14289/Library/TinyTeX/texmf-dist/tex/latex/hyperref/hyperref-langpatc
hes.def
File: hyperref-langpatches.def 2021-06-07 v7.00m Hyperref: patches for babel la
nguages
) (/Users/lg14289/Library/TinyTeX/texmf-dist/tex/generic/intcalc/intcalc.sty
Package: intcalc 2019/12/15 v1.3 Expandable calculations with integers (HO)
) (/Users/lg14289/Library/TinyTeX/texmf-dist/tex/generic/etexcmds/etexcmds.sty
Package: etexcmds 2019/12/15 v1.7 Avoid name clashes with e-TeX commands (HO)
)
\Hy@SavedSpaceFactor=\count293
(/Users/lg14289/Library/TinyTeX/texmf-dist/tex/latex/hyperref/puenc.def
File: puenc.def 2021-06-07 v7.00m Hyperref: PDF Unicode definition (HO)
Now handling font encoding PU ...
... no UTF-8 mapping file for font encoding PU
)
Package hyperref Info: Hyper figures OFF on input line 4192.
Package hyperref Info: Link nesting OFF on input line 4197.
Package hyperref Info: Hyper index ON on input line 4200.
Package hyperref Info: Plain pages OFF on input line 4207.
Package hyperref Info: Backreferencing OFF on input line 4212.
Package hyperref Info: Implicit mode ON; LaTeX internals redefined.
Package hyperref Info: Bookmarks ON on input line 4445.
\c@Hy@tempcnt=\count294
LaTeX Info: Redefining \url on input line 4804.
\XeTeXLinkMargin=\dimen176
(/Users/lg14289/Library/TinyTeX/texmf-dist/tex/generic/bitset/bitset.sty
Package: bitset 2019/12/09 v1.3 Handle bit-vector datatype (HO)

(/Users/lg14289/Library/TinyTeX/texmf-dist/tex/generic/bigintcalc/bigintcalc.st
y
Package: bigintcalc 2019/12/15 v1.5 Expandable calculations on big integers (HO
)
))
\Fld@menulength=\count295
\Field@Width=\dimen177
\Fld@charsize=\dimen178
Package hyperref Info: Hyper figures OFF on input line 6076.
Package hyperref Info: Link nesting OFF on input line 6081.
Package hyperref Info: Hyper index ON on input line 6084.
Package hyperref Info: backreferencing OFF on input line 6091.
Package hyperref Info: Link coloring OFF on input line 6096.
Package hyperref Info: Link coloring with OCG OFF on input line 6101.
Package hyperref Info: PDF/A mode OFF on input line 6106.
LaTeX Info: Redefining \ref on input line 6146.
LaTeX Info: Redefining \pageref on input line 6150.
(/Users/lg14289/Library/TinyTeX/texmf-dist/tex/latex/base/atbegshi-ltx.sty
Package: atbegshi-ltx 2021/01/10 v1.0c Emulation of the original atbegshi
package with kernel methods
)
\Hy@abspage=\count296
\c@Item=\count297
\c@Hfootnote=\count298
)
Package hyperref Info: Driver (autodetected): hpdftex.
(/Users/lg14289/Library/TinyTeX/texmf-dist/tex/latex/hyperref/hpdftex.def
File: hpdftex.def 2021-06-07 v7.00m Hyperref driver for pdfTeX
(/Users/lg14289/Library/TinyTeX/texmf-dist/tex/latex/base/atveryend-ltx.sty
Package: atveryend-ltx 2020/08/19 v1.0a Emulation of the original atvery packag
e
with kernel methods
)
\Fld@listcount=\count299
\c@bookmark@seq@number=\count300

(/Users/lg14289/Library/TinyTeX/texmf-dist/tex/latex/rerunfilecheck/rerunfilech
eck.sty
Package: rerunfilecheck 2019/12/05 v1.9 Rerun checks for auxiliary files (HO)

(/Users/lg14289/Library/TinyTeX/texmf-dist/tex/generic/uniquecounter/uniquecoun
ter.sty
Package: uniquecounter 2019/12/15 v1.4 Provide unlimited unique counter (HO)
)
Package uniquecounter Info: New unique counter `rerunfilecheck' on input line 2
86.
)
\Hy@SectionHShift=\skip71
) (/Users/lg14289/Library/TinyTeX/texmf-dist/tex/latex/lm/lmodern.sty
Package: lmodern 2015/05/01 v1.6.1 Latin Modern Fonts
LaTeX Font Info:    Overwriting symbol font `operators' in version `normal'
(Font)                  OT1/cmr/m/n --> OT1/lmr/m/n on input line 22.
LaTeX Font Info:    Overwriting symbol font `letters' in version `normal'
(Font)                  OML/cmm/m/it --> OML/lmm/m/it on input line 23.
LaTeX Font Info:    Overwriting symbol font `symbols' in version `normal'
(Font)                  OMS/cmsy/m/n --> OMS/lmsy/m/n on input line 24.
LaTeX Font Info:    Overwriting symbol font `largesymbols' in version `normal'
(Font)                  OMX/cmex/m/n --> OMX/lmex/m/n on input line 25.
LaTeX Font Info:    Overwriting symbol font `operators' in version `bold'
(Font)                  OT1/cmr/bx/n --> OT1/lmr/bx/n on input line 26.
LaTeX Font Info:    Overwriting symbol font `letters' in version `bold'
(Font)                  OML/cmm/b/it --> OML/lmm/b/it on input line 27.
LaTeX Font Info:    Overwriting symbol font `symbols' in version `bold'
(Font)                  OMS/cmsy/b/n --> OMS/lmsy/b/n on input line 28.
LaTeX Font Info:    Overwriting symbol font `largesymbols' in version `bold'
(Font)                  OMX/cmex/m/n --> OMX/lmex/m/n on input line 29.
LaTeX Font Info:    Overwriting math alphabet `\mathbf' in version `normal'
(Font)                  OT1/cmr/bx/n --> OT1/lmr/bx/n on input line 31.
LaTeX Font Info:    Overwriting math alphabet `\mathsf' in version `normal'
(Font)                  OT1/cmss/m/n --> OT1/lmss/m/n on input line 32.
LaTeX Font Info:    Overwriting math alphabet `\mathit' in version `normal'
(Font)                  OT1/cmr/m/it --> OT1/lmr/m/it on input line 33.
LaTeX Font Info:    Overwriting math alphabet `\mathtt' in version `normal'
(Font)                  OT1/cmtt/m/n --> OT1/lmtt/m/n on input line 34.
LaTeX Font Info:    Overwriting math alphabet `\mathbf' in version `bold'
(Font)                  OT1/cmr/bx/n --> OT1/lmr/bx/n on input line 35.
LaTeX Font Info:    Overwriting math alphabet `\mathsf' in version `bold'
(Font)                  OT1/cmss/bx/n --> OT1/lmss/bx/n on input line 36.
LaTeX Font Info:    Overwriting math alphabet `\mathit' in version `bold'
(Font)                  OT1/cmr/bx/it --> OT1/lmr/bx/it on input line 37.
LaTeX Font Info:    Overwriting math alphabet `\mathtt' in version `bold'
(Font)                  OT1/cmtt/m/n --> OT1/lmtt/m/n on input line 38.
) (/Users/lg14289/Library/TinyTeX/texmf-dist/tex/latex/float/float.sty
Package: float 2001/11/08 v1.3d Float enhancements (AL)
\c@float@type=\count301
\float@exts=\toks32
\float@box=\box68
\@float@everytoks=\toks33
\@floatcapt=\box69
) (/Users/lg14289/Library/TinyTeX/texmf-dist/tex/latex/graphics/rotating.sty
Package: rotating 2016/08/11 v2.16d rotated objects in LaTeX
(/Users/lg14289/Library/TinyTeX/texmf-dist/tex/latex/base/ifthen.sty
Package: ifthen 2020/11/24 v1.1c Standard LaTeX ifthen package (DPC)
)
\c@r@tfl@t=\count302
\rotFPtop=\skip72
\rotFPbot=\skip73
\rot@float@box=\box70
\rot@mess@toks=\toks34
) (/Users/lg14289/Library/TinyTeX/texmf-dist/tex/latex/graphics/lscape.sty
Package: lscape 2020/05/28 v3.02 Landscape Pages (DPC)
)
Package hyperref Info: Option `colorlinks' set `false' on input line 34.
(/Users/lg14289/Library/TinyTeX/texmf-dist/tex/latex/psnfss/times.sty
Package: times 2020/03/25 PSNFSS-v9.3 (SPQR) 
) (/Users/lg14289/Library/TinyTeX/texmf-dist/tex/latex/caption/caption.sty
Package: caption 2020/10/26 v3.5g Customizing captions (AR)
(/Users/lg14289/Library/TinyTeX/texmf-dist/tex/latex/caption/caption3.sty
Package: caption3 2020/10/21 v2.2e caption3 kernel (AR)
\captionmargin=\dimen179
\captionmargin@=\dimen180
\captionwidth=\dimen181
\caption@tempdima=\dimen182
\caption@indent=\dimen183
\caption@parindent=\dimen184
\caption@hangindent=\dimen185
Package caption Info: Standard document class detected.
)
\c@caption@flags=\count303
\c@continuedfloat=\count304
Package caption Info: float package is loaded.
Package caption Info: hyperref package is loaded.
Package caption Info: longtable package is loaded.
(/Users/lg14289/Library/TinyTeX/texmf-dist/tex/latex/caption/ltcaption.sty
Package: ltcaption 2020/05/30 v1.4b longtable captions (AR)
)
Package caption Info: rotating package is loaded.
) (/Users/lg14289/Library/TinyTeX/texmf-dist/tex/latex/parskip/parskip.sty
Package: parskip 2021-03-14 v2.0h non-zero parskip adjustments
(/Users/lg14289/Library/TinyTeX/texmf-dist/tex/latex/etoolbox/etoolbox.sty
Package: etoolbox 2020/10/05 v2.5k e-TeX tools for LaTeX (JAW)
\etb@tempcnta=\count305
))
(/Users/lg14289/Library/TinyTeX/texmf-dist/tex/latex/pgf/frontendlayer/tikz.sty
(/Users/lg14289/Library/TinyTeX/texmf-dist/tex/latex/pgf/basiclayer/pgf.sty (/U
sers/lg14289/Library/TinyTeX/texmf-dist/tex/latex/pgf/utilities/pgfrcs.sty
(/Users/lg14289/Library/TinyTeX/texmf-dist/tex/generic/pgf/utilities/pgfutil-co
mmon.tex
\pgfutil@everybye=\toks35
\pgfutil@tempdima=\dimen186
\pgfutil@tempdimb=\dimen187

(/Users/lg14289/Library/TinyTeX/texmf-dist/tex/generic/pgf/utilities/pgfutil-co
mmon-lists.tex))
(/Users/lg14289/Library/TinyTeX/texmf-dist/tex/generic/pgf/utilities/pgfutil-la
tex.def
\pgfutil@abb=\box71
)
(/Users/lg14289/Library/TinyTeX/texmf-dist/tex/generic/pgf/utilities/pgfrcs.cod
e.tex (/Users/lg14289/Library/TinyTeX/texmf-dist/tex/generic/pgf/pgf.revision.t
ex)
Package: pgfrcs 2021/05/15 v3.1.9a (3.1.9a)
))
Package: pgf 2021/05/15 v3.1.9a (3.1.9a)

(/Users/lg14289/Library/TinyTeX/texmf-dist/tex/latex/pgf/basiclayer/pgfcore.sty

(/Users/lg14289/Library/TinyTeX/texmf-dist/tex/latex/pgf/systemlayer/pgfsys.sty

(/Users/lg14289/Library/TinyTeX/texmf-dist/tex/generic/pgf/systemlayer/pgfsys.c
ode.tex
Package: pgfsys 2021/05/15 v3.1.9a (3.1.9a)

(/Users/lg14289/Library/TinyTeX/texmf-dist/tex/generic/pgf/utilities/pgfkeys.co
de.tex
\pgfkeys@pathtoks=\toks36
\pgfkeys@temptoks=\toks37

(/Users/lg14289/Library/TinyTeX/texmf-dist/tex/generic/pgf/utilities/pgfkeysfil
tered.code.tex
\pgfkeys@tmptoks=\toks38
))
\pgf@x=\dimen188
\pgf@y=\dimen189
\pgf@xa=\dimen190
\pgf@ya=\dimen191
\pgf@xb=\dimen192
\pgf@yb=\dimen193
\pgf@xc=\dimen194
\pgf@yc=\dimen195
\pgf@xd=\dimen196
\pgf@yd=\dimen197
\w@pgf@writea=\write4
\r@pgf@reada=\read3
\c@pgf@counta=\count306
\c@pgf@countb=\count307
\c@pgf@countc=\count308
\c@pgf@countd=\count309
\t@pgf@toka=\toks39
\t@pgf@tokb=\toks40
\t@pgf@tokc=\toks41
\pgf@sys@id@count=\count310
(/Users/lg14289/Library/TinyTeX/texmf-dist/tex/generic/pgf/systemlayer/pgf.cfg
File: pgf.cfg 2021/05/15 v3.1.9a (3.1.9a)
)
Driver file for pgf: pgfsys-pdftex.def

(/Users/lg14289/Library/TinyTeX/texmf-dist/tex/generic/pgf/systemlayer/pgfsys-p
dftex.def
File: pgfsys-pdftex.def 2021/05/15 v3.1.9a (3.1.9a)

(/Users/lg14289/Library/TinyTeX/texmf-dist/tex/generic/pgf/systemlayer/pgfsys-c
ommon-pdf.def
File: pgfsys-common-pdf.def 2021/05/15 v3.1.9a (3.1.9a)
)))
(/Users/lg14289/Library/TinyTeX/texmf-dist/tex/generic/pgf/systemlayer/pgfsysso
ftpath.code.tex
File: pgfsyssoftpath.code.tex 2021/05/15 v3.1.9a (3.1.9a)
\pgfsyssoftpath@smallbuffer@items=\count311
\pgfsyssoftpath@bigbuffer@items=\count312
)
(/Users/lg14289/Library/TinyTeX/texmf-dist/tex/generic/pgf/systemlayer/pgfsyspr
otocol.code.tex
File: pgfsysprotocol.code.tex 2021/05/15 v3.1.9a (3.1.9a)
)) (/Users/lg14289/Library/TinyTeX/texmf-dist/tex/latex/xcolor/xcolor.sty
Package: xcolor 2016/05/11 v2.12 LaTeX color extensions (UK)
(/Users/lg14289/Library/TinyTeX/texmf-dist/tex/latex/graphics-cfg/color.cfg
File: color.cfg 2016/01/02 v1.6 sample color configuration
)
Package xcolor Info: Driver file: pdftex.def on input line 225.
LaTeX Info: Redefining \color on input line 709.
Package xcolor Info: Model `cmy' substituted by `cmy0' on input line 1348.
Package xcolor Info: Model `hsb' substituted by `rgb' on input line 1352.
Package xcolor Info: Model `RGB' extended on input line 1364.
Package xcolor Info: Model `HTML' substituted by `rgb' on input line 1366.
Package xcolor Info: Model `Hsb' substituted by `hsb' on input line 1367.
Package xcolor Info: Model `tHsb' substituted by `hsb' on input line 1368.
Package xcolor Info: Model `HSB' substituted by `hsb' on input line 1369.
Package xcolor Info: Model `Gray' substituted by `gray' on input line 1370.
Package xcolor Info: Model `wave' substituted by `hsb' on input line 1371.
)
(/Users/lg14289/Library/TinyTeX/texmf-dist/tex/generic/pgf/basiclayer/pgfcore.c
ode.tex
Package: pgfcore 2021/05/15 v3.1.9a (3.1.9a)

(/Users/lg14289/Library/TinyTeX/texmf-dist/tex/generic/pgf/math/pgfmath.code.te
x
(/Users/lg14289/Library/TinyTeX/texmf-dist/tex/generic/pgf/math/pgfmathcalc.cod
e.tex
(/Users/lg14289/Library/TinyTeX/texmf-dist/tex/generic/pgf/math/pgfmathutil.cod
e.tex)
(/Users/lg14289/Library/TinyTeX/texmf-dist/tex/generic/pgf/math/pgfmathparser.c
ode.tex
\pgfmath@dimen=\dimen198
\pgfmath@count=\count313
\pgfmath@box=\box72
\pgfmath@toks=\toks42
\pgfmath@stack@operand=\toks43
\pgfmath@stack@operation=\toks44
)
(/Users/lg14289/Library/TinyTeX/texmf-dist/tex/generic/pgf/math/pgfmathfunction
s.code.tex
(/Users/lg14289/Library/TinyTeX/texmf-dist/tex/generic/pgf/math/pgfmathfunction
s.basic.code.tex)
(/Users/lg14289/Library/TinyTeX/texmf-dist/tex/generic/pgf/math/pgfmathfunction
s.trigonometric.code.tex)
(/Users/lg14289/Library/TinyTeX/texmf-dist/tex/generic/pgf/math/pgfmathfunction
s.random.code.tex)
(/Users/lg14289/Library/TinyTeX/texmf-dist/tex/generic/pgf/math/pgfmathfunction
s.comparison.code.tex)
(/Users/lg14289/Library/TinyTeX/texmf-dist/tex/generic/pgf/math/pgfmathfunction
s.base.code.tex)
(/Users/lg14289/Library/TinyTeX/texmf-dist/tex/generic/pgf/math/pgfmathfunction
s.round.code.tex)
(/Users/lg14289/Library/TinyTeX/texmf-dist/tex/generic/pgf/math/pgfmathfunction
s.misc.code.tex)
(/Users/lg14289/Library/TinyTeX/texmf-dist/tex/generic/pgf/math/pgfmathfunction
s.integerarithmetics.code.tex)))
(/Users/lg14289/Library/TinyTeX/texmf-dist/tex/generic/pgf/math/pgfmathfloat.co
de.tex
\c@pgfmathroundto@lastzeros=\count314
))
(/Users/lg14289/Library/TinyTeX/texmf-dist/tex/generic/pgf/math/pgfint.code.tex
)
(/Users/lg14289/Library/TinyTeX/texmf-dist/tex/generic/pgf/basiclayer/pgfcorepo
ints.code.tex
File: pgfcorepoints.code.tex 2021/05/15 v3.1.9a (3.1.9a)
\pgf@picminx=\dimen199
\pgf@picmaxx=\dimen256
\pgf@picminy=\dimen257
\pgf@picmaxy=\dimen258
\pgf@pathminx=\dimen259
\pgf@pathmaxx=\dimen260
\pgf@pathminy=\dimen261
\pgf@pathmaxy=\dimen262
\pgf@xx=\dimen263
\pgf@xy=\dimen264
\pgf@yx=\dimen265
\pgf@yy=\dimen266
\pgf@zx=\dimen267
\pgf@zy=\dimen268
)
(/Users/lg14289/Library/TinyTeX/texmf-dist/tex/generic/pgf/basiclayer/pgfcorepa
thconstruct.code.tex
File: pgfcorepathconstruct.code.tex 2021/05/15 v3.1.9a (3.1.9a)
\pgf@path@lastx=\dimen269
\pgf@path@lasty=\dimen270
)
(/Users/lg14289/Library/TinyTeX/texmf-dist/tex/generic/pgf/basiclayer/pgfcorepa
thusage.code.tex
File: pgfcorepathusage.code.tex 2021/05/15 v3.1.9a (3.1.9a)
\pgf@shorten@end@additional=\dimen271
\pgf@shorten@start@additional=\dimen272
)
(/Users/lg14289/Library/TinyTeX/texmf-dist/tex/generic/pgf/basiclayer/pgfcoresc
opes.code.tex
File: pgfcorescopes.code.tex 2021/05/15 v3.1.9a (3.1.9a)
\pgfpic=\box73
\pgf@hbox=\box74
\pgf@layerbox@main=\box75
\pgf@picture@serial@count=\count315
)
(/Users/lg14289/Library/TinyTeX/texmf-dist/tex/generic/pgf/basiclayer/pgfcoregr
aphicstate.code.tex
File: pgfcoregraphicstate.code.tex 2021/05/15 v3.1.9a (3.1.9a)
\pgflinewidth=\dimen273
)
(/Users/lg14289/Library/TinyTeX/texmf-dist/tex/generic/pgf/basiclayer/pgfcoretr
ansformations.code.tex
File: pgfcoretransformations.code.tex 2021/05/15 v3.1.9a (3.1.9a)
\pgf@pt@x=\dimen274
\pgf@pt@y=\dimen275
\pgf@pt@temp=\dimen276
)
(/Users/lg14289/Library/TinyTeX/texmf-dist/tex/generic/pgf/basiclayer/pgfcorequ
ick.code.tex
File: pgfcorequick.code.tex 2021/05/15 v3.1.9a (3.1.9a)
)
(/Users/lg14289/Library/TinyTeX/texmf-dist/tex/generic/pgf/basiclayer/pgfcoreob
jects.code.tex
File: pgfcoreobjects.code.tex 2021/05/15 v3.1.9a (3.1.9a)
)
(/Users/lg14289/Library/TinyTeX/texmf-dist/tex/generic/pgf/basiclayer/pgfcorepa
thprocessing.code.tex
File: pgfcorepathprocessing.code.tex 2021/05/15 v3.1.9a (3.1.9a)
)
(/Users/lg14289/Library/TinyTeX/texmf-dist/tex/generic/pgf/basiclayer/pgfcorear
rows.code.tex
File: pgfcorearrows.code.tex 2021/05/15 v3.1.9a (3.1.9a)
\pgfarrowsep=\dimen277
)
(/Users/lg14289/Library/TinyTeX/texmf-dist/tex/generic/pgf/basiclayer/pgfcoresh
ade.code.tex
File: pgfcoreshade.code.tex 2021/05/15 v3.1.9a (3.1.9a)
\pgf@max=\dimen278
\pgf@sys@shading@range@num=\count316
\pgf@shadingcount=\count317
)
(/Users/lg14289/Library/TinyTeX/texmf-dist/tex/generic/pgf/basiclayer/pgfcoreim
age.code.tex
File: pgfcoreimage.code.tex 2021/05/15 v3.1.9a (3.1.9a)

(/Users/lg14289/Library/TinyTeX/texmf-dist/tex/generic/pgf/basiclayer/pgfcoreex
ternal.code.tex
File: pgfcoreexternal.code.tex 2021/05/15 v3.1.9a (3.1.9a)
\pgfexternal@startupbox=\box76
))
(/Users/lg14289/Library/TinyTeX/texmf-dist/tex/generic/pgf/basiclayer/pgfcorela
yers.code.tex
File: pgfcorelayers.code.tex 2021/05/15 v3.1.9a (3.1.9a)
)
(/Users/lg14289/Library/TinyTeX/texmf-dist/tex/generic/pgf/basiclayer/pgfcoretr
ansparency.code.tex
File: pgfcoretransparency.code.tex 2021/05/15 v3.1.9a (3.1.9a)
)
(/Users/lg14289/Library/TinyTeX/texmf-dist/tex/generic/pgf/basiclayer/pgfcorepa
tterns.code.tex
File: pgfcorepatterns.code.tex 2021/05/15 v3.1.9a (3.1.9a)
)
(/Users/lg14289/Library/TinyTeX/texmf-dist/tex/generic/pgf/basiclayer/pgfcorerd
f.code.tex
File: pgfcorerdf.code.tex 2021/05/15 v3.1.9a (3.1.9a)
)))
(/Users/lg14289/Library/TinyTeX/texmf-dist/tex/generic/pgf/modules/pgfmodulesha
pes.code.tex
File: pgfmoduleshapes.code.tex 2021/05/15 v3.1.9a (3.1.9a)
\pgfnodeparttextbox=\box77
)
(/Users/lg14289/Library/TinyTeX/texmf-dist/tex/generic/pgf/modules/pgfmoduleplo
t.code.tex
File: pgfmoduleplot.code.tex 2021/05/15 v3.1.9a (3.1.9a)
)
(/Users/lg14289/Library/TinyTeX/texmf-dist/tex/latex/pgf/compatibility/pgfcomp-
version-0-65.sty
Package: pgfcomp-version-0-65 2021/05/15 v3.1.9a (3.1.9a)
\pgf@nodesepstart=\dimen279
\pgf@nodesepend=\dimen280
)
(/Users/lg14289/Library/TinyTeX/texmf-dist/tex/latex/pgf/compatibility/pgfcomp-
version-1-18.sty
Package: pgfcomp-version-1-18 2021/05/15 v3.1.9a (3.1.9a)
)) (/Users/lg14289/Library/TinyTeX/texmf-dist/tex/latex/pgf/utilities/pgffor.st
y (/Users/lg14289/Library/TinyTeX/texmf-dist/tex/latex/pgf/utilities/pgfkeys.st
y
(/Users/lg14289/Library/TinyTeX/texmf-dist/tex/generic/pgf/utilities/pgfkeys.co
de.tex)) (/Users/lg14289/Library/TinyTeX/texmf-dist/tex/latex/pgf/math/pgfmath.
sty
(/Users/lg14289/Library/TinyTeX/texmf-dist/tex/generic/pgf/math/pgfmath.code.te
x))
(/Users/lg14289/Library/TinyTeX/texmf-dist/tex/generic/pgf/utilities/pgffor.cod
e.tex
Package: pgffor 2021/05/15 v3.1.9a (3.1.9a)

(/Users/lg14289/Library/TinyTeX/texmf-dist/tex/generic/pgf/math/pgfmath.code.te
x)
\pgffor@iter=\dimen281
\pgffor@skip=\dimen282
\pgffor@stack=\toks45
\pgffor@toks=\toks46
))
(/Users/lg14289/Library/TinyTeX/texmf-dist/tex/generic/pgf/frontendlayer/tikz/t
ikz.code.tex
Package: tikz 2021/05/15 v3.1.9a (3.1.9a)

(/Users/lg14289/Library/TinyTeX/texmf-dist/tex/generic/pgf/libraries/pgflibrary
plothandlers.code.tex
File: pgflibraryplothandlers.code.tex 2021/05/15 v3.1.9a (3.1.9a)
\pgf@plot@mark@count=\count318
\pgfplotmarksize=\dimen283
)
\tikz@lastx=\dimen284
\tikz@lasty=\dimen285
\tikz@lastxsaved=\dimen286
\tikz@lastysaved=\dimen287
\tikz@lastmovetox=\dimen288
\tikz@lastmovetoy=\dimen289
\tikzleveldistance=\dimen290
\tikzsiblingdistance=\dimen291
\tikz@figbox=\box78
\tikz@figbox@bg=\box79
\tikz@tempbox=\box80
\tikz@tempbox@bg=\box81
\tikztreelevel=\count319
\tikznumberofchildren=\count320
\tikznumberofcurrentchild=\count321
\tikz@fig@count=\count322

(/Users/lg14289/Library/TinyTeX/texmf-dist/tex/generic/pgf/modules/pgfmodulemat
rix.code.tex
File: pgfmodulematrix.code.tex 2021/05/15 v3.1.9a (3.1.9a)
\pgfmatrixcurrentrow=\count323
\pgfmatrixcurrentcolumn=\count324
\pgf@matrix@numberofcolumns=\count325
)
\tikz@expandcount=\count326

(/Users/lg14289/Library/TinyTeX/texmf-dist/tex/generic/pgf/frontendlayer/tikz/l
ibraries/tikzlibrarytopaths.code.tex
File: tikzlibrarytopaths.code.tex 2021/05/15 v3.1.9a (3.1.9a)
))) (/Users/lg14289/Library/TinyTeX/texmf-dist/tex/latex/multirow/multirow.sty
Package: multirow 2021/03/15 v2.8 Span multiple rows of a table
\multirow@colwidth=\skip74
\multirow@cntb=\count327
\multirow@dima=\skip75
\bigstrutjot=\dimen292
) (/Users/lg14289/Library/TinyTeX/texmf-dist/tex/latex/wrapfig/wrapfig.sty
\wrapoverhang=\dimen293
\WF@size=\dimen294
\c@WF@wrappedlines=\count328
\WF@box=\box82
\WF@everypar=\toks47
Package: wrapfig 2003/01/31  v 3.6
) (/Users/lg14289/Library/TinyTeX/texmf-dist/tex/latex/colortbl/colortbl.sty
Package: colortbl 2020/01/04 v1.0e Color table columns (DPC)
\everycr=\toks48
\minrowclearance=\skip76
) (/Users/lg14289/Library/TinyTeX/texmf-dist/tex/latex/pdflscape/pdflscape.sty
Package: pdflscape 2019/12/05 v0.12 Display of landscape pages in PDF (HO)
Package pdflscape Info: Auto-detected driver: pdftex on input line 81.
) (/Users/lg14289/Library/TinyTeX/texmf-dist/tex/latex/tabu/tabu.sty
Package: tabu 2019/01/11 v2.9 - flexible LaTeX tabulars (FC+tabu-fixed)
(/Users/lg14289/Library/TinyTeX/texmf-dist/tex/latex/varwidth/varwidth.sty
Package: varwidth 2009/03/30 ver 0.92;  Variable-width minipages
\@vwid@box=\box83
\sift@deathcycles=\count329
\@vwid@loff=\dimen295
\@vwid@roff=\dimen296
)
\c@taburow=\count330
\tabu@nbcols=\count331
\tabu@cnt=\count332
\tabu@Xcol=\count333
\tabu@alloc=\count334
\tabu@nested=\count335
\tabu@target=\dimen297
\tabu@spreadtarget=\dimen298
\tabu@naturalX=\dimen299
\tabucolX=\dimen300
\tabu@Xsum=\dimen301
\extrarowdepth=\dimen302
\abovetabulinesep=\dimen303
\belowtabulinesep=\dimen304
\tabustrutrule=\dimen305
\tabu@thebody=\toks49
\tabu@footnotes=\toks50
\tabu@box=\box84
\tabu@arstrutbox=\box85
\tabu@hleads=\box86
\tabu@vleads=\box87
\tabu@cellskip=\skip77
)
(/Users/lg14289/Library/TinyTeX/texmf-dist/tex/latex/threeparttable/threepartta
ble.sty
Package: threeparttable 2003/06/13  v 3.0
\@tempboxb=\box88
)
(/Users/lg14289/Library/TinyTeX/texmf-dist/tex/latex/threeparttablex/threepartt
ablex.sty
Package: threeparttablex 2013/07/23 v0.3 by daleif
(/Users/lg14289/Library/TinyTeX/texmf-dist/tex/latex/environ/environ.sty
Package: environ 2014/05/04 v0.3 A new way to define environments
(/Users/lg14289/Library/TinyTeX/texmf-dist/tex/latex/trimspaces/trimspaces.sty
Package: trimspaces 2009/09/17 v1.1 Trim spaces around a token list
))
\TPTL@width=\skip78
) (/Users/lg14289/Library/TinyTeX/texmf-dist/tex/generic/ulem/ulem.sty
\UL@box=\box89
\UL@hyphenbox=\box90
\UL@skip=\skip79
\UL@hook=\toks51
\UL@height=\dimen306
\UL@pe=\count336
\UL@pixel=\dimen307
\ULC@box=\box91
Package: ulem 2019/11/18
\ULdepth=\dimen308
) (/Users/lg14289/Library/TinyTeX/texmf-dist/tex/latex/makecell/makecell.sty
Package: makecell 2009/08/03 V0.1e Managing of Tab Column Heads and Cells
\rotheadsize=\dimen309
\c@nlinenum=\count337
\TeXr@lab=\toks52
)
\cslhangindent=\skip80
\csllabelwidth=\skip81
(/Users/lg14289/Library/TinyTeX/texmf-dist/tex/latex/tools/calc.sty
Package: calc 2017/05/25 v4.3 Infix arithmetic (KKT,FJ)
\calc@Acount=\count338
\calc@Bcount=\count339
\calc@Adimen=\dimen310
\calc@Bdimen=\dimen311
\calc@Askip=\skip82
\calc@Bskip=\skip83
LaTeX Info: Redefining \setlength on input line 80.
LaTeX Info: Redefining \addtolength on input line 81.
\calc@Ccount=\count340
\calc@Cskip=\skip84
)
   defining Unicode char U+03B2 (decimal 946)
   defining Unicode char U+0392 (decimal 914)
   defining Unicode char U+03B1 (decimal 945)
   defining Unicode char U+2265 (decimal 8805)
   defining Unicode char U+2264 (decimal 8804)
   defining Unicode char U+2008 (decimal 8200)
   defining Unicode char U+223C (decimal 8764)
LaTeX Font Info:    Trying to load font information for T1+ptm on input line 18
7.
(/Users/lg14289/Library/TinyTeX/texmf-dist/tex/latex/psnfss/t1ptm.fd
File: t1ptm.fd 2001/06/04 font definitions for T1/ptm.
) (./thesis.aux)
\openout1 = `thesis.aux'.

LaTeX Font Info:    Checking defaults for OML/cmm/m/it on input line 187.
LaTeX Font Info:    ... okay on input line 187.
LaTeX Font Info:    Checking defaults for OMS/cmsy/m/n on input line 187.
LaTeX Font Info:    ... okay on input line 187.
LaTeX Font Info:    Checking defaults for OT1/cmr/m/n on input line 187.
LaTeX Font Info:    ... okay on input line 187.
LaTeX Font Info:    Checking defaults for T1/cmr/m/n on input line 187.
LaTeX Font Info:    ... okay on input line 187.
LaTeX Font Info:    Checking defaults for TS1/cmr/m/n on input line 187.
LaTeX Font Info:    ... okay on input line 187.
LaTeX Font Info:    Checking defaults for OMX/cmex/m/n on input line 187.
LaTeX Font Info:    ... okay on input line 187.
LaTeX Font Info:    Checking defaults for U/cmr/m/n on input line 187.
LaTeX Font Info:    ... okay on input line 187.
LaTeX Font Info:    Checking defaults for PD1/pdf/m/n on input line 187.
LaTeX Font Info:    ... okay on input line 187.
LaTeX Font Info:    Checking defaults for PU/pdf/m/n on input line 187.
LaTeX Font Info:    ... okay on input line 187.

(/Users/lg14289/Library/TinyTeX/texmf-dist/tex/latex/epstopdf-pkg/epstopdf-base
.sty
Package: epstopdf-base 2020-01-24 v2.11 Base part for package epstopdf
Package epstopdf-base Info: Redefining graphics rule for `.eps' on input line 4
85.

(/Users/lg14289/Library/TinyTeX/texmf-dist/tex/latex/latexconfig/epstopdf-sys.c
fg
File: epstopdf-sys.cfg 2010/07/13 v1.3 Configuration of (r)epstopdf for TeX Liv
e
))
Package hyperref Info: Link coloring OFF on input line 187.
(/Users/lg14289/Library/TinyTeX/texmf-dist/tex/latex/hyperref/nameref.sty
Package: nameref 2021-04-02 v2.47 Cross-referencing by name of section
(/Users/lg14289/Library/TinyTeX/texmf-dist/tex/latex/refcount/refcount.sty
Package: refcount 2019/12/15 v3.6 Data extraction from label references (HO)
)
(/Users/lg14289/Library/TinyTeX/texmf-dist/tex/generic/gettitlestring/gettitles
tring.sty
Package: gettitlestring 2019/12/15 v1.6 Cleanup title references (HO)
)
\c@section@level=\count341
)
LaTeX Info: Redefining \ref on input line 187.
LaTeX Info: Redefining \pageref on input line 187.
LaTeX Info: Redefining \nameref on input line 187.
(./thesis.out) (./thesis.out)
\@outlinefile=\write5
\openout5 = `thesis.out'.

Package caption Info: Begin \AtBeginDocument code.
Package caption Info: threeparttable package is loaded.
Package caption Info: wrapfig package is loaded.
Package caption Info: End \AtBeginDocument code.
<figure/index/UoBcrest.pdf, id=601, 114.4275pt x 137.51375pt>
File: figure/index/UoBcrest.pdf Graphic file (type pdf)
<use figure/index/UoBcrest.pdf>
Package pdftex.def Info: figure/index/UoBcrest.pdf  used on input line 189.
(pdftex.def)             Requested size: 68.65701pt x 82.50888pt.
LaTeX Font Info:    Trying to load font information for OT1+lmr on input line 1
89.
(/Users/lg14289/Library/TinyTeX/texmf-dist/tex/latex/lm/ot1lmr.fd
File: ot1lmr.fd 2015/05/01 v1.6.1 Font defs for Latin Modern
)
LaTeX Font Info:    Trying to load font information for OML+lmm on input line 1
89.
(/Users/lg14289/Library/TinyTeX/texmf-dist/tex/latex/lm/omllmm.fd
File: omllmm.fd 2015/05/01 v1.6.1 Font defs for Latin Modern
)
LaTeX Font Info:    Trying to load font information for OMS+lmsy on input line 
189.
(/Users/lg14289/Library/TinyTeX/texmf-dist/tex/latex/lm/omslmsy.fd
File: omslmsy.fd 2015/05/01 v1.6.1 Font defs for Latin Modern
)
LaTeX Font Info:    Trying to load font information for OMX+lmex on input line 
189.
(/Users/lg14289/Library/TinyTeX/texmf-dist/tex/latex/lm/omxlmex.fd
File: omxlmex.fd 2015/05/01 v1.6.1 Font defs for Latin Modern
)
LaTeX Font Info:    External font `lmex10' loaded for size
(Font)              <12> on input line 189.
LaTeX Font Info:    External font `lmex10' loaded for size
(Font)              <8> on input line 189.
LaTeX Font Info:    External font `lmex10' loaded for size
(Font)              <6> on input line 189.
LaTeX Font Info:    Trying to load font information for U+lasy on input line 18
9.
(/Users/lg14289/Library/TinyTeX/texmf-dist/tex/latex/base/ulasy.fd
File: ulasy.fd 1998/08/17 v2.2e LaTeX symbol font definitions
)
LaTeX Font Info:    Trying to load font information for U+msa on input line 189
.
(/Users/lg14289/Library/TinyTeX/texmf-dist/tex/latex/amsfonts/umsa.fd
File: umsa.fd 2013/01/14 v3.01 AMS symbols A
)
LaTeX Font Info:    Trying to load font information for U+msb on input line 189
.
(/Users/lg14289/Library/TinyTeX/texmf-dist/tex/latex/amsfonts/umsb.fd
File: umsb.fd 2013/01/14 v3.01 AMS symbols B
) [1


{/Users/lg14289/Library/TinyTeX/texmf-var/fonts/map/pdftex/updmap/pdftex.map} <
./figure/index/UoBcrest.pdf>] [2

] [1

] [2


] [3] [4


] (./thesis.toc
LaTeX Font Info:    External font `lmex10' loaded for size
(Font)              <10.95> on input line 1.
[5] [6]
LaTeX Font Info:    External font `lmex10' loaded for size
(Font)              <5> on input line 96.
[7] [8])
\tf@toc=\write6
\openout6 = `thesis.toc'.

[9] [10

] (./thesis.lot [11])
\tf@lot=\write7
\openout7 = `thesis.lot'.

[12] (./thesis.lof
Underfull \vbox (badness 1107) has occurred while \output is active []

[13

])
\tf@lof=\write8
\openout8 = `thesis.lof'.

[14]pdfTeX warning (ext4): destination with the same identifier (name{page.1}) 
has been already used, duplicate ignored
<to be read again> 
                   \relax 
l.238 \chapter{Introduction}\label{introduction}}
                                                  [1


]pdfTeX warning (ext4): destination with the same identifier (name{page.2}) has
 been already used, duplicate ignored
<to be read again> 
                   \relax 
l.238 \chapter{Introduction}\label{introduction}}
                                                  [2

]
Chapter 1.
[3]
Underfull \hbox (badness 1048) in paragraph at lines 253--253
[]\T1/ptm/b/n/14.4 Obesity is a mod-i-fi-able risk fac-tor for car-dio-vas-cu-l
ar dis-
 []


Underfull \vbox (badness 10000) has occurred while \output is active []

[4]
Underfull \hbox (badness 1983) in paragraph at lines 270--271
\T1/ptm/m/n/10.95 lipopro-teins (LDL), very-low-density lipopro-teins (VLDL) an
d high-density lipopro-teins
 []

[5] [6]
<figure/Intro_background/Thesis_graphic_overview_without_chapters.png, id=1045,
 405.4347pt x 156.3441pt>
File: figure/Intro_background/Thesis_graphic_overview_without_chapters.png Grap
hic file (type png)
<use figure/Intro_background/Thesis_graphic_overview_without_chapters.png>
Package pdftex.def Info: figure/Intro_background/Thesis_graphic_overview_withou
t_chapters.png  used on input line 301.
(pdftex.def)             Requested size: 405.4337pt x 156.3437pt.
LaTeX Font Info:    Trying to load font information for T1+pcr on input line 32
4.
(/Users/lg14289/Library/TinyTeX/texmf-dist/tex/latex/psnfss/t1pcr.fd
File: t1pcr.fd 2001/06/04 font definitions for T1/pcr.
) [7 <./figure/Intro_background/Thesis_graphic_overview_without_chapters.png>] 
[8] [9] [10]
Chapter 2.
LaTeX Font Info:    Trying to load font information for TS1+ptm on input line 3
67.
(/Users/lg14289/Library/TinyTeX/texmf-dist/tex/latex/psnfss/ts1ptm.fd
File: ts1ptm.fd 2001/06/04 font definitions for TS1/ptm.
)
Underfull \vbox (badness 10000) has occurred while \output is active []

[11

] [12]
Chapter 3.
[13

] [14] [15] [16] [17] [18] [19] [20] [21] [22]
Chapter 4.
[23

]
<figure/BMI_platelets/obsvMRexample.png, id=1191, 372.1905pt x 277.7577pt>
File: figure/BMI_platelets/obsvMRexample.png Graphic file (type png)
<use figure/BMI_platelets/obsvMRexample.png>
Package pdftex.def Info: figure/BMI_platelets/obsvMRexample.png  used on input 
line 553.
(pdftex.def)             Requested size: 372.18959pt x 277.75702pt.

Underfull \vbox (badness 10000) has occurred while \output is active []

[24]
Underfull \vbox (badness 10000) has occurred while \output is active []

[25]
Underfull \vbox (badness 4899) has occurred while \output is active []

[26 <./figure/BMI_platelets/obsvMRexample.png>]
<figure/BMI_platelets/STROBE_diagram.pdf, id=1208, 249.93375pt x 246.9225pt>
File: figure/BMI_platelets/STROBE_diagram.pdf Graphic file (type pdf)
<use figure/BMI_platelets/STROBE_diagram.pdf>
Package pdftex.def Info: figure/BMI_platelets/STROBE_diagram.pdf  used on input
 line 565.
(pdftex.def)             Requested size: 336.00128pt x 331.98589pt.
[27 <./figure/BMI_platelets/STROBE_diagram.pdf>] [28] [29] [30


]
Underfull \vbox (badness 10000) has occurred while \output is active []

[31]
<figure/BMI_platelets/Corrmatrix_dendrogram.pdf, id=1260, 563.10374pt x 293.095
pt>
File: figure/BMI_platelets/Corrmatrix_dendrogram.pdf Graphic file (type pdf)
<use figure/BMI_platelets/Corrmatrix_dendrogram.pdf>
Package pdftex.def Info: figure/BMI_platelets/Corrmatrix_dendrogram.pdf  used o
n input line 661.
(pdftex.def)             Requested size: 398.99872pt x 207.6785pt.
[32]
Underfull \vbox (badness 1147) has occurred while \output is active []

[33 <./figure/BMI_platelets/Corrmatrix_dendrogram.pdf>] [34] [35]
Overfull \hbox (4.22089pt too wide) in paragraph at lines 716--716
[]\T1/ptm/m/n/10.95 0.000158|  
 []

[36] [37




]
Overfull \hbox (0.87953pt too wide) in paragraph at lines 737--737
[]\T1/ptm/m/n/10.95 Adjusted 
 []

[38] [39] [40] [41] [42] [43










] [44] [45


]
Overfull \hbox (11.47089pt too wide) in paragraph at lines 893--893
\T1/ptm/m/n/10.95 Hausman 
 []


Overfull \hbox (3.57545pt too wide) in paragraph at lines 893--893
\T1/ptm/m/n/10.95 statistic 
 []


Overfull \hbox (11.17561pt too wide) in paragraph at lines 893--893
[]\T1/ptm/m/n/10.95 0.000158|  
 []


LaTeX Warning: Float too large for page by 56.60593pt on input line 894.

[46]
<figure/BMI_platelets/BMI_platelet_forestplot.pdf, id=1388, 469.755pt x 352.316
25pt>
File: figure/BMI_platelets/BMI_platelet_forestplot.pdf Graphic file (type pdf)
<use figure/BMI_platelets/BMI_platelet_forestplot.pdf>
Package pdftex.def Info: figure/BMI_platelets/BMI_platelet_forestplot.pdf  used
 on input line 897.
(pdftex.def)             Requested size: 377.99744pt x 283.4984pt.
[47


 <./figure/BMI_platelets/BMI_platelet_forestplot.pdf>]
<figure/BMI_platelets/IPC_aggregation.pdf, id=1429, 475.7775pt x 437.635pt>
File: figure/BMI_platelets/IPC_aggregation.pdf Graphic file (type pdf)
<use figure/BMI_platelets/IPC_aggregation.pdf>
Package pdftex.def Info: figure/BMI_platelets/IPC_aggregation.pdf  used on inpu
t line 952.
(pdftex.def)             Requested size: 357.00256pt x 328.39906pt.
<figure/BMI_platelets/Visual_abstract.pdf, id=1430, 507.8975pt x 146.5475pt>
File: figure/BMI_platelets/Visual_abstract.pdf Graphic file (type pdf)
<use figure/BMI_platelets/Visual_abstract.pdf>
Package pdftex.def Info: figure/BMI_platelets/Visual_abstract.pdf  used on inpu
t line 955.
(pdftex.def)             Requested size: 377.99744pt x 109.06955pt.

Underfull \vbox (badness 10000) has occurred while \output is active []

[48] [49]
Underfull \vbox (badness 10000) has occurred while \output is active []

[50 <./figure/BMI_platelets/IPC_aggregation.pdf>] [51 <./figure/BMI_platelets/V
isual_abstract.pdf>]
Underfull \vbox (badness 10000) has occurred while \output is active []

[52]
Underfull \vbox (badness 2608) has occurred while \output is active []

[53] [54]
Chapter 5.
[55

]
Underfull \vbox (badness 4765) has occurred while \output is active []

[56]
Underfull \vbox (badness 10000) has occurred while \output is active []

[57]
Underfull \vbox (badness 10000) has occurred while \output is active []

[58]
<figure/Bariatric_study/Basal_surface_receptors.pdf, id=1565, 459.7175pt x 173.
64874pt>
File: figure/Bariatric_study/Basal_surface_receptors.pdf Graphic file (type pdf
)
<use figure/Bariatric_study/Basal_surface_receptors.pdf>
Package pdftex.def Info: figure/Bariatric_study/Basal_surface_receptors.pdf  us
ed on input line 1077.
(pdftex.def)             Requested size: 377.99744pt x 142.78769pt.

Underfull \vbox (badness 10000) has occurred while \output is active []

[59 <./figure/Bariatric_study/Basal_surface_receptors.pdf>]
<figure/Bariatric_study/Agonist_Integrin_Pselectin.pdf, id=1595, 428.60126pt x 
418.56375pt>
File: figure/Bariatric_study/Agonist_Integrin_Pselectin.pdf Graphic file (type 
pdf)
<use figure/Bariatric_study/Agonist_Integrin_Pselectin.pdf>
Package pdftex.def Info: figure/Bariatric_study/Agonist_Integrin_Pselectin.pdf 
 used on input line 1087.
(pdftex.def)             Requested size: 398.99872pt x 389.65623pt.

Underfull \vbox (badness 10000) has occurred while \output is active []

[60 <./figure/Bariatric_study/Agonist_Integrin_Pselectin.pdf>]
<figure/Bariatric_study/Plt-neu_aggregates.pdf, id=1624, 320.19624pt x 310.1587
5pt>
File: figure/Bariatric_study/Plt-neu_aggregates.pdf Graphic file (type pdf)
<use figure/Bariatric_study/Plt-neu_aggregates.pdf>
Package pdftex.def Info: figure/Bariatric_study/Plt-neu_aggregates.pdf  used on
 input line 1097.
(pdftex.def)             Requested size: 336.00128pt x 325.4728pt.

Underfull \vbox (badness 10000) has occurred while \output is active []

[61 <./figure/Bariatric_study/Plt-neu_aggregates.pdf>]
<figure/Bariatric_study/Proteomic_PCA.pdf, id=1645, 433.62pt x 334.24875pt>
File: figure/Bariatric_study/Proteomic_PCA.pdf Graphic file (type pdf)
<use figure/Bariatric_study/Proteomic_PCA.pdf>
Package pdftex.def Info: figure/Bariatric_study/Proteomic_PCA.pdf  used on inpu
t line 1107.
(pdftex.def)             Requested size: 398.99872pt x 307.57887pt.
<figure/Bariatric_study/PC3vPC4_proteomics.pdf, id=1646, 433.62pt x 325.215pt>
File: figure/Bariatric_study/PC3vPC4_proteomics.pdf Graphic file (type pdf)
<use figure/Bariatric_study/PC3vPC4_proteomics.pdf>
Package pdftex.def Info: figure/Bariatric_study/PC3vPC4_proteomics.pdf  used on
 input line 1112.
(pdftex.def)             Requested size: 398.99872pt x 299.26593pt.

Underfull \vbox (badness 10000) has occurred while \output is active []

[62 <./figure/Bariatric_study/Proteomic_PCA.pdf>]
Underfull \hbox (badness 10000) in paragraph at lines 1114--1115
\T1/pcr/m/n/10.95 7 f 0 2 5 0 a d 5 0 b a d 7 4 d 7 e 3 8 2 2 5 d 0 6 0 a a 6 c
 d 8 3 3 2 1 b / i n d e x / f i g u r e / B a r i a t r i c[] s
 []


Underfull \vbox (badness 3861) has occurred while \output is active []

[63 <./figure/Bariatric_study/PC3vPC4_proteomics.pdf>]
<figure/Bariatric_study/volcano_proteomics_labelled.pdf, id=1686, 578.16pt x 86
7.24pt>
File: figure/Bariatric_study/volcano_proteomics_labelled.pdf Graphic file (type
 pdf)
<use figure/Bariatric_study/volcano_proteomics_labelled.pdf>
Package pdftex.def Info: figure/Bariatric_study/volcano_proteomics_labelled.pdf
  used on input line 1119.
(pdftex.def)             Requested size: 336.00128pt x 503.99203pt.

Underfull \vbox (badness 10000) has occurred while \output is active []

[64]
Underfull \vbox (badness 10000) has occurred while \output is active []

[65 <./figure/Bariatric_study/volcano_proteomics_labelled.pdf>] [66] [67]
Overfull \hbox (18.51717pt too wide) in paragraph at lines 1148--1148
\T1/ptm/m/n/10.95 atherothrombotic 
 []


LaTeX Warning: Float too large for page by 247.5952pt on input line 1149.

[68] [69


] [70

]
Chapter 6.

Underfull \vbox (badness 3735) has occurred while \output is active []

[71]
Underfull \vbox (badness 10000) has occurred while \output is active []

[72]
Underfull \hbox (badness 3039) in paragraph at lines 1206--1207
[]$\T1/pcr/m/n/10.95 h t t p s : / / g i t h u b . c o m / N e a l e l a b / U 
K [] B i o b a n k [] G W A S$[]\T1/ptm/m/n/10.95 ), it is pos-si-ble to ex-plo
re
 []


Underfull \vbox (badness 10000) has occurred while \output is active []

[73]
<figure/Chemokines/Layouts/MDC_TARC_aggregation_PAR1.pdf, id=1758, 540.0175pt x
 209.78375pt>
File: figure/Chemokines/Layouts/MDC_TARC_aggregation_PAR1.pdf Graphic file (typ
e pdf)
<use figure/Chemokines/Layouts/MDC_TARC_aggregation_PAR1.pdf>
Package pdftex.def Info: figure/Chemokines/Layouts/MDC_TARC_aggregation_PAR1.pd
f  used on input line 1219.
(pdftex.def)             Requested size: 336.00128pt x 130.53192pt.

Underfull \vbox (badness 10000) has occurred while \output is active []

[74 <./figure/Chemokines/Layouts/MDC_TARC_aggregation_PAR1.pdf>]
<figure/Chemokines/Layouts/MDC_TARC_PRP_plate_agg.pdf, id=1785, 378.41376pt x 2
02.7575pt>
File: figure/Chemokines/Layouts/MDC_TARC_PRP_plate_agg.pdf Graphic file (type p
df)
<use figure/Chemokines/Layouts/MDC_TARC_PRP_plate_agg.pdf>
Package pdftex.def Info: figure/Chemokines/Layouts/MDC_TARC_PRP_plate_agg.pdf  
used on input line 1229.
(pdftex.def)             Requested size: 378.41283pt x 202.757pt.
[75 <./figure/Chemokines/Layouts/MDC_TARC_PRP_plate_agg.pdf>]
<figure/Chemokines/Layouts/P-selectin_integrin_MDC_TARC.pdf, id=1812, 529.98pt 
x 389.455pt>
File: figure/Chemokines/Layouts/P-selectin_integrin_MDC_TARC.pdf Graphic file (
type pdf)
<use figure/Chemokines/Layouts/P-selectin_integrin_MDC_TARC.pdf>
Package pdftex.def Info: figure/Chemokines/Layouts/P-selectin_integrin_MDC_TARC
.pdf  used on input line 1239.
(pdftex.def)             Requested size: 357.00256pt x 262.34189pt.

Underfull \vbox (badness 10000) has occurred while \output is active []

[76] [77 <./figure/Chemokines/Layouts/P-selectin_integrin_MDC_TARC.pdf>] [78]
<figure/Chemokines/Layouts/MDC_TARC_PS_exposure_layout.pdf, id=1847, 354.32375p
t x 163.61125pt>
File: figure/Chemokines/Layouts/MDC_TARC_PS_exposure_layout.pdf Graphic file (t
ype pdf)
<use figure/Chemokines/Layouts/MDC_TARC_PS_exposure_layout.pdf>
Package pdftex.def Info: figure/Chemokines/Layouts/MDC_TARC_PS_exposure_layout.
pdf  used on input line 1264.
(pdftex.def)             Requested size: 354.32288pt x 163.61084pt.
<figure/Chemokines/Layouts/MDC_TARC_alone_wp_aggregation.pdf, id=1849, 560.0925
pt x 140.525pt>
File: figure/Chemokines/Layouts/MDC_TARC_alone_wp_aggregation.pdf Graphic file 
(type pdf)
<use figure/Chemokines/Layouts/MDC_TARC_alone_wp_aggregation.pdf>
Package pdftex.def Info: figure/Chemokines/Layouts/MDC_TARC_alone_wp_aggregatio
n.pdf  used on input line 1274.
(pdftex.def)             Requested size: 377.99744pt x 94.84169pt.

Underfull \vbox (badness 10000) has occurred while \output is active []

[79


 <./figure/Chemokines/Layouts/MDC_TARC_PS_exposure_layout.pdf>]
<figure/Chemokines/Layouts/MDC_TARC_calcium_wp.pdf, id=1871, 483.8075pt x 173.6
4874pt>
File: figure/Chemokines/Layouts/MDC_TARC_calcium_wp.pdf Graphic file (type pdf)

<use figure/Chemokines/Layouts/MDC_TARC_calcium_wp.pdf>
Package pdftex.def Info: figure/Chemokines/Layouts/MDC_TARC_calcium_wp.pdf  use
d on input line 1284.
(pdftex.def)             Requested size: 377.99744pt x 135.67598pt.

Underfull \vbox (badness 10000) has occurred while \output is active []

[80 <./figure/Chemokines/Layouts/MDC_TARC_alone_wp_aggregation.pdf> <./figure/C
hemokines/Layouts/MDC_TARC_calcium_wp.pdf>]
<figure/Chemokines/MDC_TARC_VASP_blot.pdf, id=1911, 647.41875pt x 231.86626pt>
File: figure/Chemokines/MDC_TARC_VASP_blot.pdf Graphic file (type pdf)
<use figure/Chemokines/MDC_TARC_VASP_blot.pdf>
Package pdftex.def Info: figure/Chemokines/MDC_TARC_VASP_blot.pdf  used on inpu
t line 1294.
(pdftex.def)             Requested size: 252.00256pt x 90.25056pt.

Underfull \vbox (badness 10000) has occurred while \output is active []

[81]
<figure/Chemokines/Layouts/MDC_TARC_WB_VASP.pdf, id=1917, 475.7775pt x 524.9612
4pt>
File: figure/Chemokines/Layouts/MDC_TARC_WB_VASP.pdf Graphic file (type pdf)
<use figure/Chemokines/Layouts/MDC_TARC_WB_VASP.pdf>
Package pdftex.def Info: figure/Chemokines/Layouts/MDC_TARC_WB_VASP.pdf  used o
n input line 1299.
(pdftex.def)             Requested size: 475.77632pt x 524.95996pt.

Overfull \hbox (55.77632pt too wide) in paragraph at lines 1299--1299
[][] 
 []


Underfull \vbox (badness 10000) has occurred while \output is active []

[82 <./figure/Chemokines/MDC_TARC_VASP_blot.pdf>]
Overfull \vbox (2.95998pt too high) has occurred while \output is active []

[83 <./figure/Chemokines/Layouts/MDC_TARC_WB_VASP.pdf>]
<figure/Chemokines/Layouts/MDC_TARC_VASP_FACS_logec50.pdf, id=1949, 513.92pt x 
151.56625pt>
File: figure/Chemokines/Layouts/MDC_TARC_VASP_FACS_logec50.pdf Graphic file (ty
pe pdf)
<use figure/Chemokines/Layouts/MDC_TARC_VASP_FACS_logec50.pdf>
Package pdftex.def Info: figure/Chemokines/Layouts/MDC_TARC_VASP_FACS_logec50.p
df  used on input line 1304.
(pdftex.def)             Requested size: 377.99744pt x 111.48195pt.
<figure/Chemokines/Layouts/PAR1_MDC_inhibitors_aggregation.pdf, id=1957, 344.28
625pt x 395.4775pt>
File: figure/Chemokines/Layouts/PAR1_MDC_inhibitors_aggregation.pdf Graphic fil
e (type pdf)
<use figure/Chemokines/Layouts/PAR1_MDC_inhibitors_aggregation.pdf>
Package pdftex.def Info: figure/Chemokines/Layouts/PAR1_MDC_inhibitors_aggregat
ion.pdf  used on input line 1316.
(pdftex.def)             Requested size: 398.99872pt x 458.32578pt.

Underfull \vbox (badness 10000) has occurred while \output is active []

[84 <./figure/Chemokines/Layouts/MDC_TARC_VASP_FACS_logec50.pdf>]
<figure/Chemokines/Layouts/MDC_inhibitors_aggregation_traces.pdf, id=1976, 545.
03625pt x 322.20375pt>
File: figure/Chemokines/Layouts/MDC_inhibitors_aggregation_traces.pdf Graphic f
ile (type pdf)
<use figure/Chemokines/Layouts/MDC_inhibitors_aggregation_traces.pdf>
Package pdftex.def Info: figure/Chemokines/Layouts/MDC_inhibitors_aggregation_t
races.pdf  used on input line 1321.
(pdftex.def)             Requested size: 398.99872pt x 235.8705pt.

Underfull \vbox (badness 10000) has occurred while \output is active []

[85 <./figure/Chemokines/Layouts/PAR1_MDC_inhibitors_aggregation.pdf>] [86 <./f
igure/Chemokines/Layouts/MDC_inhibitors_aggregation_traces.pdf>]

LaTeX Warning: Float too large for page by 214.89868pt on input line 1361.

[87] [88


] [89] [90


] [91] [92

]
Chapter 7.

Underfull \hbox (badness 10000) in paragraph at lines 1409--1410
\T1/pcr/m/n/10.95 d / m y t h e s i s / b l o b / m a s t e r / i n d e x / f i
 g u r e / B M I[] p r o t e i n [] I N T E R V A L / B M I[] p
 []

[93]
Underfull \vbox (badness 2608) has occurred while \output is active []

[94] [95] [96]
<figure/BMI_protein_INTERVAL/Correlation_matrix_proteins.pdf, id=2085, 469.755p
t x 469.755pt>
File: figure/BMI_protein_INTERVAL/Correlation_matrix_proteins.pdf Graphic file 
(type pdf)
<use figure/BMI_protein_INTERVAL/Correlation_matrix_proteins.pdf>
Package pdftex.def Info: figure/BMI_protein_INTERVAL/Correlation_matrix_protein
s.pdf  used on input line 1444.
(pdftex.def)             Requested size: 377.99744pt x 377.99788pt.

Underfull \vbox (badness 10000) has occurred while \output is active []

[97] [98 <./figure/BMI_protein_INTERVAL/Correlation_matrix_proteins.pdf>]
<figure/BMI_protein_INTERVAL/dendrogram.pdf, id=2100, 867.24pt x 433.62pt>
File: figure/BMI_protein_INTERVAL/dendrogram.pdf Graphic file (type pdf)
<use figure/BMI_protein_INTERVAL/dendrogram.pdf>
Package pdftex.def Info: figure/BMI_protein_INTERVAL/dendrogram.pdf  used on in
put line 1448.
(pdftex.def)             Requested size: 569.99817pt x 285.01234pt.
[99

 <./figure/BMI_protein_INTERVAL/dendrogram.pdf>]
<figure/BMI_protein_INTERVAL/PCs2to5v1.pdf, id=2116, 873.2625pt x 834.11626pt>
File: figure/BMI_protein_INTERVAL/PCs2to5v1.pdf Graphic file (type pdf)
<use figure/BMI_protein_INTERVAL/PCs2to5v1.pdf>
Package pdftex.def Info: figure/BMI_protein_INTERVAL/PCs2to5v1.pdf  used on inp
ut line 1457.
(pdftex.def)             Requested size: 398.99872pt x 381.11444pt.

Underfull \vbox (badness 10000) has occurred while \output is active []

[100

] [101 <./figure/BMI_protein_INTERVAL/PCs2to5v1.pdf>]

LaTeX Warning: Reference `tab:Incl-excl-part' on page 102 undefined on input li
ne 1467.


LaTeX Warning: Reference `tab:Incl-excl-part' on page 102 undefined on input li
ne 1467.

[102] [103] [104


]
Overfull \hbox (0.87953pt too wide) in paragraph at lines 1521--1521
[]\T1/ptm/m/n/10.95 Adjusted 
 []

[105]
<figure/BMI_protein_INTERVAL/QQ_confounder_proteins.pdf, id=2157, 525.965pt x 5
41.02126pt>
File: figure/BMI_protein_INTERVAL/QQ_confounder_proteins.pdf Graphic file (type
 pdf)
<use figure/BMI_protein_INTERVAL/QQ_confounder_proteins.pdf>
Package pdftex.def Info: figure/BMI_protein_INTERVAL/QQ_confounder_proteins.pdf
  used on input line 1525.
(pdftex.def)             Requested size: 398.99872pt x 410.43744pt.
[106


 <./figure/BMI_protein_INTERVAL/QQ_confounder_proteins.pdf>] [107]

LaTeX Warning: Reference `fig:ObsMRforestplot2' on page 108 undefined on input 
line 1553.

<figure/BMI_protein_INTERVAL/MR_obs_compar_forestplot.pdf, id=2291, 722.7pt x 5
78.16pt>
File: figure/BMI_protein_INTERVAL/MR_obs_compar_forestplot.pdf Graphic file (ty
pe pdf)
<use figure/BMI_protein_INTERVAL/MR_obs_compar_forestplot.pdf>
Package pdftex.def Info: figure/BMI_protein_INTERVAL/MR_obs_compar_forestplot.p
df  used on input line 1555.
(pdftex.def)             Requested size: 398.99872pt x 319.19759pt.
<figure/BMI_protein_INTERVAL/QQ_obs_MR.pdf, id=2294, 557.08125pt x 287.0725pt>
File: figure/BMI_protein_INTERVAL/QQ_obs_MR.pdf Graphic file (type pdf)
<use figure/BMI_protein_INTERVAL/QQ_obs_MR.pdf>
Package pdftex.def Info: figure/BMI_protein_INTERVAL/QQ_obs_MR.pdf  used on inp
ut line 1562.
(pdftex.def)             Requested size: 398.99872pt x 205.61446pt.
[108


 <./figure/BMI_protein_INTERVAL/MR_obs_compar_forestplot.pdf>]
<figure/BMI_protein_INTERVAL/obs_v_obs_adj_scatter.pdf, id=2314, 578.16pt x 433
.62pt>
File: figure/BMI_protein_INTERVAL/obs_v_obs_adj_scatter.pdf Graphic file (type 
pdf)
<use figure/BMI_protein_INTERVAL/obs_v_obs_adj_scatter.pdf>
Package pdftex.def Info: figure/BMI_protein_INTERVAL/obs_v_obs_adj_scatter.pdf 
 used on input line 1566.
(pdftex.def)             Requested size: 377.99744pt x 283.49716pt.
<figure/BMI_protein_INTERVAL/unadj_obs_MR_scatter_small.pdf, id=2315, 433.62pt 
x 361.35pt>
File: figure/BMI_protein_INTERVAL/unadj_obs_MR_scatter_small.pdf Graphic file (
type pdf)
<use figure/BMI_protein_INTERVAL/unadj_obs_MR_scatter_small.pdf>
Package pdftex.def Info: figure/BMI_protein_INTERVAL/unadj_obs_MR_scatter_small
.pdf  used on input line 1569.
(pdftex.def)             Requested size: 377.99744pt x 315.01155pt.

Underfull \vbox (badness 10000) has occurred while \output is active []

[109 <./figure/BMI_protein_INTERVAL/QQ_obs_MR.pdf>]
<figure/BMI_protein_INTERVAL/Obs_MR_scatter_without_top8.pdf, id=2399, 384.4362
5pt x 510.90875pt>
File: figure/BMI_protein_INTERVAL/Obs_MR_scatter_without_top8.pdf Graphic file 
(type pdf)
<use figure/BMI_protein_INTERVAL/Obs_MR_scatter_without_top8.pdf>
Package pdftex.def Info: figure/BMI_protein_INTERVAL/Obs_MR_scatter_without_top
8.pdf  used on input line 1572.
(pdftex.def)             Requested size: 399.02408pt x 570.03107pt.

Underfull \vbox (badness 10000) has occurred while \output is active []

[110 <./figure/BMI_protein_INTERVAL/obs_v_obs_adj_scatter.pdf>]
Underfull \vbox (badness 10000) has occurred while \output is active []

[111 <./figure/BMI_protein_INTERVAL/unadj_obs_MR_scatter_small.pdf>]
Overfull \vbox (61.63109pt too high) has occurred while \output is active []

[112 <./figure/BMI_protein_INTERVAL/Obs_MR_scatter_without_top8.pdf>] [113] [11
4]
Overfull \hbox (3.73975pt too wide) in paragraph at lines 1619--1619
[]\T1/ptm/m/n/10.95 Population 
 []


Overfull \hbox (3.73975pt too wide) in paragraph at lines 1619--1619
[]\T1/ptm/m/n/10.95 Population 
 []


Overfull \hbox (7.97742pt too wide) in paragraph at lines 1619--1619
[]\T1/ptm/m/n/10.95 Bonferroni- 
 []

[115]
Overfull \hbox (3.73975pt too wide) in paragraph at lines 1647--1647
[]\T1/ptm/m/n/10.95 Population 
 []


Overfull \hbox (3.73975pt too wide) in paragraph at lines 1647--1647
[]\T1/ptm/m/n/10.95 Population 
 []


Overfull \hbox (7.97742pt too wide) in paragraph at lines 1647--1647
[]\T1/ptm/m/n/10.95 Bonferroni- 
 []

[116]
Underfull \vbox (badness 1881) has occurred while \output is active []

[117






]
Underfull \vbox (badness 10000) has occurred while \output is active []

[118]
Underfull \vbox (badness 10000) has occurred while \output is active []

[119] [120]
Chapter 8.

Underfull \vbox (badness 2057) has occurred while \output is active []

[121

] [122]
<figure/DiRECT/DiRECT_study_summary.png, id=2548, 370.7451pt x 328.3467pt>
File: figure/DiRECT/DiRECT_study_summary.png Graphic file (type png)
<use figure/DiRECT/DiRECT_study_summary.png>
Package pdftex.def Info: figure/DiRECT/DiRECT_study_summary.png  used on input 
line 1697.
(pdftex.def)             Requested size: 370.74419pt x 328.34589pt.
[123 <./figure/DiRECT/DiRECT_study_summary.png>] [124]
<figure/DiRECT/DiRECT_analysis.png, id=2566, 369.2997pt x 127.677pt>
File: figure/DiRECT/DiRECT_analysis.png Graphic file (type png)
<use figure/DiRECT/DiRECT_analysis.png>
Package pdftex.def Info: figure/DiRECT/DiRECT_analysis.png  used on input line 
1721.
(pdftex.def)             Requested size: 369.29878pt x 127.67668pt.
[125 <./figure/DiRECT/DiRECT_analysis.png>] [126]

LaTeX Warning: Float too large for page by 29.83998pt on input line 1773.

[127]
<figure/DiRECT/Intervention_BMI_change_boxplot.png, id=2584, 453.695pt x 348.30
125pt>
File: figure/DiRECT/Intervention_BMI_change_boxplot.png Graphic file (type png)

<use figure/DiRECT/Intervention_BMI_change_boxplot.png>
Package pdftex.def Info: figure/DiRECT/Intervention_BMI_change_boxplot.png  use
d on input line 1793.
(pdftex.def)             Requested size: 357.00256pt x 274.07079pt.

Underfull \vbox (badness 10000) has occurred while \output is active []

[128


]
Underfull \vbox (badness 10000) has occurred while \output is active []

[129 <./figure/DiRECT/Intervention_BMI_change_boxplot.png>]
<figure/DiRECT/circos_plot_BMI_change_protein_ols_tsls.pdf, id=2602, 867.24pt x
 867.24pt>
File: figure/DiRECT/circos_plot_BMI_change_protein_ols_tsls.pdf Graphic file (t
ype pdf)
<use figure/DiRECT/circos_plot_BMI_change_protein_ols_tsls.pdf>
Package pdftex.def Info: figure/DiRECT/circos_plot_BMI_change_protein_ols_tsls.
pdf  used on input line 1808.
(pdftex.def)             Requested size: 420.0pt x 420.00218pt.

Underfull \vbox (badness 10000) has occurred while \output is active []

[130] [131 <./figure/DiRECT/circos_plot_BMI_change_protein_ols_tsls.pdf>]
<figure/DiRECT/DiRECT_scatter_comparison.pdf, id=2617, 650.43pt x 433.62pt>
File: figure/DiRECT/DiRECT_scatter_comparison.pdf Graphic file (type pdf)
<use figure/DiRECT/DiRECT_scatter_comparison.pdf>
Package pdftex.def Info: figure/DiRECT/DiRECT_scatter_comparison.pdf  used on i
nput line 1815.
(pdftex.def)             Requested size: 569.99817pt x 380.02528pt.

Underfull \vbox (badness 10000) has occurred while \output is active []

[132

]
Overfull \vbox (24.4253pt too high) has occurred while \output is active []

[133 <./figure/DiRECT/DiRECT_scatter_comparison.pdf>] [134

]
<figure/DiRECT/DiRECT_INTERVAL_comparison.pdf, id=2643, 650.43pt x 433.62pt>
File: figure/DiRECT/DiRECT_INTERVAL_comparison.pdf Graphic file (type pdf)
<use figure/DiRECT/DiRECT_INTERVAL_comparison.pdf>
Package pdftex.def Info: figure/DiRECT/DiRECT_INTERVAL_comparison.pdf  used on 
input line 1834.
(pdftex.def)             Requested size: 539.99634pt x 360.0236pt.

Underfull \vbox (badness 10000) has occurred while \output is active []

[135

]
Overfull \vbox (45.22363pt too high) has occurred while \output is active []

[136 <./figure/DiRECT/DiRECT_INTERVAL_comparison.pdf>] [137

]

LaTeX Warning: Float too large for page by 92.07886pt on input line 1882.

[138] [139


] [140

]
Chapter 9.
<figure/General_discussion/Thesis_graphic_overview_chapters.png, id=2688, 528.2
937pt x 343.5234pt>
File: figure/General_discussion/Thesis_graphic_overview_chapters.png Graphic fi
le (type png)
<use figure/General_discussion/Thesis_graphic_overview_chapters.png>
Package pdftex.def Info: figure/General_discussion/Thesis_graphic_overview_chap
ters.png  used on input line 1925.
(pdftex.def)             Requested size: 377.99744pt x 245.79558pt.

Underfull \vbox (badness 10000) has occurred while \output is active []

[141 <./figure/General_discussion/Thesis_graphic_overview_chapters.png>] [142]
Appendix A.

LaTeX Warning: Reference `ref-labels' on page 143 undefined on input line 1948.


[143

] [144

]
Appendix B.
[145] [146

]
Overfull \hbox (16.53427pt too wide) in paragraph at lines 1969--1972
 [][][] []
 []


Underfull \hbox (badness 10000) in paragraph at lines 1969--1972
 
 []


Overfull \hbox (16.53427pt too wide) in paragraph at lines 1973--1976
 [][][] []
 []


Underfull \hbox (badness 10000) in paragraph at lines 1973--1976
 
 []


Overfull \hbox (16.53427pt too wide) in paragraph at lines 1977--1980
 [][][] []
 []


Underfull \hbox (badness 10000) in paragraph at lines 1977--1980
 
 []


Overfull \hbox (16.53427pt too wide) in paragraph at lines 1981--1984
 [][][] []
 []


Underfull \hbox (badness 10000) in paragraph at lines 1981--1984
 
 []


Overfull \hbox (16.53427pt too wide) in paragraph at lines 1985--1988
 [][][] []
 []


Underfull \hbox (badness 10000) in paragraph at lines 1985--1988
 
 []


Overfull \hbox (16.53427pt too wide) in paragraph at lines 1989--1992
 [][][] []
 []


Underfull \hbox (badness 10000) in paragraph at lines 1989--1992
 
 []


Overfull \hbox (16.53427pt too wide) in paragraph at lines 1993--1996
 [][][] []
 []


Underfull \hbox (badness 10000) in paragraph at lines 1993--1996
 
 []

[147

]
Overfull \hbox (16.53427pt too wide) in paragraph at lines 1997--2000
 [][][] []
 []


Underfull \hbox (badness 10000) in paragraph at lines 1997--2000
 
 []


Overfull \hbox (16.53427pt too wide) in paragraph at lines 2001--2004
 [][][] []
 []


Underfull \hbox (badness 10000) in paragraph at lines 2001--2004
 
 []


Overfull \hbox (16.53427pt too wide) in paragraph at lines 2005--2008
 [][][] []
 []


Underfull \hbox (badness 10000) in paragraph at lines 2005--2008
 
 []


Overfull \hbox (16.53427pt too wide) in paragraph at lines 2009--2012
 [][][] []
 []


Underfull \hbox (badness 10000) in paragraph at lines 2009--2012
 
 []


Overfull \hbox (16.53427pt too wide) in paragraph at lines 2013--2016
 [][][] []
 []


Underfull \hbox (badness 10000) in paragraph at lines 2013--2016
 
 []


Overfull \hbox (16.53427pt too wide) in paragraph at lines 2017--2020
 [][][] []
 []


Underfull \hbox (badness 10000) in paragraph at lines 2017--2020
 
 []


Overfull \hbox (16.53427pt too wide) in paragraph at lines 2021--2024
 [][][] []
 []


Underfull \hbox (badness 10000) in paragraph at lines 2021--2024
 
 []


Overfull \hbox (16.53427pt too wide) in paragraph at lines 2025--2028
 [][][] []
 []


Underfull \hbox (badness 10000) in paragraph at lines 2025--2028
 
 []


Overfull \hbox (16.53427pt too wide) in paragraph at lines 2029--2032
 [][][] []
 []


Underfull \hbox (badness 10000) in paragraph at lines 2029--2032
 
 []


Underfull \hbox (badness 6641) in paragraph at lines 2035--2035
[]\T1/ptm/m/n/10.95 Cercato, C. & Fon-seca, F. A. Car-dio-vas-cu-lar risk and o
be-sity. (2019).
 []


Overfull \hbox (16.53427pt too wide) in paragraph at lines 2033--2036
 [][][] []
 []


Underfull \hbox (badness 10000) in paragraph at lines 2033--2036
 
 []


Underfull \vbox (badness 10000) has occurred while \output is active []

[148]
Overfull \hbox (16.53427pt too wide) in paragraph at lines 2037--2040
 [][][] []
 []


Underfull \hbox (badness 10000) in paragraph at lines 2037--2040
 
 []


Overfull \hbox (16.53427pt too wide) in paragraph at lines 2041--2044
 [][][] []
 []


Underfull \hbox (badness 10000) in paragraph at lines 2041--2044
 
 []


Overfull \hbox (16.53427pt too wide) in paragraph at lines 2045--2048
 [][][] []
 []


Underfull \hbox (badness 10000) in paragraph at lines 2045--2048
 
 []


Overfull \hbox (16.53427pt too wide) in paragraph at lines 2049--2052
 [][][] []
 []


Underfull \hbox (badness 10000) in paragraph at lines 2049--2052
 
 []


Overfull \hbox (16.53427pt too wide) in paragraph at lines 2053--2056
 [][][] []
 []


Underfull \hbox (badness 10000) in paragraph at lines 2053--2056
 
 []


Overfull \hbox (16.53427pt too wide) in paragraph at lines 2057--2060
 [][][] []
 []


Underfull \hbox (badness 10000) in paragraph at lines 2057--2060
 
 []


Overfull \hbox (16.53427pt too wide) in paragraph at lines 2061--2064
 [][][] []
 []


Underfull \hbox (badness 10000) in paragraph at lines 2061--2064
 
 []


Overfull \hbox (16.53427pt too wide) in paragraph at lines 2065--2068
 [][][] []
 []


Underfull \hbox (badness 10000) in paragraph at lines 2065--2068
 
 []


Overfull \hbox (16.53427pt too wide) in paragraph at lines 2069--2072
 [][][] []
 []


Underfull \hbox (badness 10000) in paragraph at lines 2069--2072
 
 []


Overfull \hbox (16.53427pt too wide) in paragraph at lines 2073--2076
 [][][] []
 []


Underfull \hbox (badness 10000) in paragraph at lines 2073--2076
 
 []


Underfull \vbox (badness 10000) has occurred while \output is active []

[149]
Overfull \hbox (16.53427pt too wide) in paragraph at lines 2077--2080
 [][][] []
 []


Underfull \hbox (badness 10000) in paragraph at lines 2077--2080
 
 []


Overfull \hbox (16.53427pt too wide) in paragraph at lines 2081--2084
 [][][] []
 []


Underfull \hbox (badness 10000) in paragraph at lines 2081--2084
 
 []


Overfull \hbox (16.53427pt too wide) in paragraph at lines 2085--2088
 [][][] []
 []


Underfull \hbox (badness 10000) in paragraph at lines 2085--2088
 
 []


Overfull \hbox (16.53427pt too wide) in paragraph at lines 2089--2092
 [][][] []
 []


Underfull \hbox (badness 10000) in paragraph at lines 2089--2092
 
 []


Overfull \hbox (16.53427pt too wide) in paragraph at lines 2093--2096
 [][][] []
 []


Underfull \hbox (badness 10000) in paragraph at lines 2093--2096
 
 []


Underfull \hbox (badness 2717) in paragraph at lines 2099--2099
[]\T1/ptm/m/n/10.95 Goudswaard, L. J. \T1/ptm/m/it/10.95 et al. \T1/ptm/m/n/10.
95 Higher body mass in-dex raises im-ma-ture platelet
 []


Underfull \hbox (badness 4859) in paragraph at lines 2099--2099
\T1/ptm/m/n/10.95 count: ev-i-dence from Mendelian ran-dom-iza-tion anal-y-ses.
 \T1/ptm/m/it/10.95 medRxiv \T1/ptm/m/n/10.95 (2021).
 []


Overfull \hbox (16.53427pt too wide) in paragraph at lines 2097--2100
 [][][] []
 []


Underfull \hbox (badness 10000) in paragraph at lines 2097--2100
 
 []


Overfull \hbox (16.53427pt too wide) in paragraph at lines 2101--2104
 [][][] []
 []


Underfull \hbox (badness 10000) in paragraph at lines 2101--2104
 
 []


Overfull \hbox (16.53427pt too wide) in paragraph at lines 2105--2108
 [][][] []
 []


Underfull \hbox (badness 10000) in paragraph at lines 2105--2108
 
 []


Overfull \hbox (16.53427pt too wide) in paragraph at lines 2109--2112
 [][][] []
 []


Underfull \hbox (badness 10000) in paragraph at lines 2109--2112
 
 []


Underfull \vbox (badness 10000) has occurred while \output is active []

[150]
Overfull \hbox (16.53427pt too wide) in paragraph at lines 2113--2116
 [][][] []
 []


Underfull \hbox (badness 10000) in paragraph at lines 2113--2116
 
 []


Overfull \hbox (16.53427pt too wide) in paragraph at lines 2117--2120
 [][][] []
 []


Underfull \hbox (badness 10000) in paragraph at lines 2117--2120
 
 []


Overfull \hbox (16.53427pt too wide) in paragraph at lines 2121--2124
 [][][] []
 []


Underfull \hbox (badness 10000) in paragraph at lines 2121--2124
 
 []


Overfull \hbox (16.53427pt too wide) in paragraph at lines 2125--2128
 [][][] []
 []


Underfull \hbox (badness 10000) in paragraph at lines 2125--2128
 
 []


Overfull \hbox (16.53427pt too wide) in paragraph at lines 2129--2132
 [][][] []
 []


Underfull \hbox (badness 10000) in paragraph at lines 2129--2132
 
 []


Overfull \hbox (16.53427pt too wide) in paragraph at lines 2133--2136
 [][][] []
 []


Underfull \hbox (badness 10000) in paragraph at lines 2133--2136
 
 []


Overfull \hbox (16.53427pt too wide) in paragraph at lines 2137--2140
 [][][] []
 []


Underfull \hbox (badness 10000) in paragraph at lines 2137--2140
 
 []


Overfull \hbox (16.53427pt too wide) in paragraph at lines 2141--2144
 [][][] []
 []


Underfull \hbox (badness 10000) in paragraph at lines 2141--2144
 
 []


Overfull \hbox (16.53427pt too wide) in paragraph at lines 2145--2148
 [][][] []
 []


Underfull \hbox (badness 10000) in paragraph at lines 2145--2148
 
 []


Overfull \hbox (16.53427pt too wide) in paragraph at lines 2149--2152
 [][][] []
 []


Underfull \hbox (badness 10000) in paragraph at lines 2149--2152
 
 []


Underfull \vbox (badness 10000) has occurred while \output is active []

[151]
Overfull \hbox (16.53427pt too wide) in paragraph at lines 2153--2156
 [][][] []
 []


Underfull \hbox (badness 10000) in paragraph at lines 2153--2156
 
 []


Underfull \hbox (badness 4266) in paragraph at lines 2159--2159
[]\T1/ptm/m/n/10.95 Furuncuolu, Y. \T1/ptm/m/it/10.95 et al. \T1/ptm/m/n/10.95
 How obe-sity af-fects the neu-trophil/lymphocyte and
 []


Overfull \hbox (16.53427pt too wide) in paragraph at lines 2157--2160
 [][][] []
 []


Underfull \hbox (badness 10000) in paragraph at lines 2157--2160
 
 []


Overfull \hbox (16.53427pt too wide) in paragraph at lines 2161--2164
 [][][] []
 []


Underfull \hbox (badness 10000) in paragraph at lines 2161--2164
 
 []


Overfull \hbox (16.53427pt too wide) in paragraph at lines 2165--2168
 [][][] []
 []


Underfull \hbox (badness 10000) in paragraph at lines 2165--2168
 
 []


Overfull \hbox (16.53427pt too wide) in paragraph at lines 2169--2172
 [][][] []
 []


Underfull \hbox (badness 10000) in paragraph at lines 2169--2172
 
 []


Overfull \hbox (16.53427pt too wide) in paragraph at lines 2173--2176
 [][][] []
 []


Underfull \hbox (badness 10000) in paragraph at lines 2173--2176
 
 []


Overfull \hbox (16.53427pt too wide) in paragraph at lines 2177--2180
 [][][] []
 []


Underfull \hbox (badness 10000) in paragraph at lines 2177--2180
 
 []


Overfull \hbox (16.53427pt too wide) in paragraph at lines 2181--2184
 [][][] []
 []


Underfull \hbox (badness 10000) in paragraph at lines 2181--2184
 
 []


Overfull \hbox (16.53427pt too wide) in paragraph at lines 2185--2188
 [][][] []
 []


Underfull \hbox (badness 10000) in paragraph at lines 2185--2188
 
 []


Overfull \hbox (16.53427pt too wide) in paragraph at lines 2189--2192
 [][][] []
 []


Underfull \hbox (badness 10000) in paragraph at lines 2189--2192
 
 []


Underfull \vbox (badness 10000) has occurred while \output is active []

[152]
Overfull \hbox (16.53427pt too wide) in paragraph at lines 2193--2196
 [][][] []
 []


Underfull \hbox (badness 10000) in paragraph at lines 2193--2196
 
 []


Overfull \hbox (16.53427pt too wide) in paragraph at lines 2197--2200
 [][][] []
 []


Underfull \hbox (badness 10000) in paragraph at lines 2197--2200
 
 []


Overfull \hbox (16.53427pt too wide) in paragraph at lines 2201--2204
 [][][] []
 []


Underfull \hbox (badness 10000) in paragraph at lines 2201--2204
 
 []


Overfull \hbox (16.53427pt too wide) in paragraph at lines 2205--2208
 [][][] []
 []


Underfull \hbox (badness 10000) in paragraph at lines 2205--2208
 
 []


Overfull \hbox (16.53427pt too wide) in paragraph at lines 2209--2212
 [][][] []
 []


Underfull \hbox (badness 10000) in paragraph at lines 2209--2212
 
 []


Overfull \hbox (16.53427pt too wide) in paragraph at lines 2213--2216
 [][][] []
 []


Underfull \hbox (badness 10000) in paragraph at lines 2213--2216
 
 []


Overfull \hbox (16.53427pt too wide) in paragraph at lines 2217--2220
 [][][] []
 []


Underfull \hbox (badness 10000) in paragraph at lines 2217--2220
 
 []


Overfull \hbox (16.53427pt too wide) in paragraph at lines 2221--2224
 [][][] []
 []


Underfull \hbox (badness 10000) in paragraph at lines 2221--2224
 
 []


Overfull \hbox (16.53427pt too wide) in paragraph at lines 2225--2228
 [][][] []
 []


Underfull \hbox (badness 10000) in paragraph at lines 2225--2228
 
 []


Overfull \hbox (16.53427pt too wide) in paragraph at lines 2229--2232
 [][][] []
 []


Underfull \hbox (badness 10000) in paragraph at lines 2229--2232
 
 []


Underfull \vbox (badness 10000) has occurred while \output is active []

[153]
Overfull \hbox (16.53427pt too wide) in paragraph at lines 2233--2236
 [][][] []
 []


Underfull \hbox (badness 10000) in paragraph at lines 2233--2236
 
 []


Overfull \hbox (16.53427pt too wide) in paragraph at lines 2237--2240
 [][][] []
 []


Underfull \hbox (badness 10000) in paragraph at lines 2237--2240
 
 []


Overfull \hbox (16.53427pt too wide) in paragraph at lines 2241--2244
 [][][] []
 []


Underfull \hbox (badness 10000) in paragraph at lines 2241--2244
 
 []


Overfull \hbox (16.53427pt too wide) in paragraph at lines 2245--2248
 [][][] []
 []


Underfull \hbox (badness 10000) in paragraph at lines 2245--2248
 
 []


Overfull \hbox (16.53427pt too wide) in paragraph at lines 2249--2252
 [][][] []
 []


Underfull \hbox (badness 10000) in paragraph at lines 2249--2252
 
 []


Underfull \hbox (badness 1910) in paragraph at lines 2255--2255
[]\T1/ptm/m/n/10.95 Freedman, J. E. \T1/ptm/m/it/10.95 et al. \T1/ptm/m/n/10.95
 Re-la-tion of platelet and leuko-cyte in-flam-ma-tory tran-
 []


Overfull \hbox (16.53427pt too wide) in paragraph at lines 2253--2256
 [][][] []
 []


Underfull \hbox (badness 10000) in paragraph at lines 2253--2256
 
 []


Overfull \hbox (16.53427pt too wide) in paragraph at lines 2257--2260
 [][][] []
 []


Underfull \hbox (badness 10000) in paragraph at lines 2257--2260
 
 []


Overfull \hbox (16.53427pt too wide) in paragraph at lines 2261--2264
 [][][] []
 []


Underfull \hbox (badness 10000) in paragraph at lines 2261--2264
 
 []


Overfull \hbox (16.53427pt too wide) in paragraph at lines 2265--2268
 [][][] []
 []


Underfull \hbox (badness 10000) in paragraph at lines 2265--2268
 
 []


Underfull \vbox (badness 10000) has occurred while \output is active []

[154]
Overfull \hbox (16.53427pt too wide) in paragraph at lines 2269--2272
 [][][] []
 []


Underfull \hbox (badness 10000) in paragraph at lines 2269--2272
 
 []


Overfull \hbox (16.53427pt too wide) in paragraph at lines 2273--2276
 [][][] []
 []


Underfull \hbox (badness 10000) in paragraph at lines 2273--2276
 
 []


Overfull \hbox (16.53427pt too wide) in paragraph at lines 2277--2280
 [][][] []
 []


Underfull \hbox (badness 10000) in paragraph at lines 2277--2280
 
 []


Overfull \hbox (16.53427pt too wide) in paragraph at lines 2281--2284
 [][][] []
 []


Underfull \hbox (badness 10000) in paragraph at lines 2281--2284
 
 []


Overfull \hbox (16.53427pt too wide) in paragraph at lines 2285--2288
 [][][] []
 []


Underfull \hbox (badness 10000) in paragraph at lines 2285--2288
 
 []


Overfull \hbox (16.53427pt too wide) in paragraph at lines 2289--2292
 [][][] []
 []


Underfull \hbox (badness 10000) in paragraph at lines 2289--2292
 
 []


Overfull \hbox (16.53427pt too wide) in paragraph at lines 2293--2296
 [][][] []
 []


Underfull \hbox (badness 10000) in paragraph at lines 2293--2296
 
 []


Overfull \hbox (16.53427pt too wide) in paragraph at lines 2297--2300
 [][][] []
 []


Underfull \hbox (badness 10000) in paragraph at lines 2297--2300
 
 []


Overfull \hbox (16.53427pt too wide) in paragraph at lines 2301--2304
 [][][] []
 []


Underfull \hbox (badness 10000) in paragraph at lines 2301--2304
 
 []


Underfull \vbox (badness 10000) has occurred while \output is active []

[155]
Overfull \hbox (16.53427pt too wide) in paragraph at lines 2305--2308
 [][][] []
 []


Underfull \hbox (badness 10000) in paragraph at lines 2305--2308
 
 []


Overfull \hbox (16.53427pt too wide) in paragraph at lines 2309--2312
 [][][] []
 []


Underfull \hbox (badness 10000) in paragraph at lines 2309--2312
 
 []


Overfull \hbox (16.53427pt too wide) in paragraph at lines 2313--2316
 [][][] []
 []


Underfull \hbox (badness 10000) in paragraph at lines 2313--2316
 
 []


Overfull \hbox (16.53427pt too wide) in paragraph at lines 2317--2320
 [][][] []
 []


Underfull \hbox (badness 10000) in paragraph at lines 2317--2320
 
 []


Overfull \hbox (16.53427pt too wide) in paragraph at lines 2321--2324
 [][][] []
 []


Underfull \hbox (badness 10000) in paragraph at lines 2321--2324
 
 []


Overfull \hbox (16.53427pt too wide) in paragraph at lines 2325--2328
 [][][] []
 []


Underfull \hbox (badness 10000) in paragraph at lines 2325--2328
 
 []


Overfull \hbox (16.53427pt too wide) in paragraph at lines 2329--2332
 [][][] []
 []


Underfull \hbox (badness 10000) in paragraph at lines 2329--2332
 
 []


Overfull \hbox (16.53427pt too wide) in paragraph at lines 2333--2336
 [][][] []
 []


Underfull \hbox (badness 10000) in paragraph at lines 2333--2336
 
 []


Overfull \hbox (16.53427pt too wide) in paragraph at lines 2337--2340
 [][][] []
 []


Underfull \hbox (badness 10000) in paragraph at lines 2337--2340
 
 []


Underfull \vbox (badness 10000) has occurred while \output is active []

[156]
Underfull \hbox (badness 8151) in paragraph at lines 2343--2343
[]\T1/ptm/m/n/10.95 Kowalska, M. A. \T1/ptm/m/it/10.95 et al. \T1/ptm/m/n/10.95
 Stro-mal cell-derived factor-1 and macrophage-
 []


Underfull \hbox (badness 7221) in paragraph at lines 2343--2343
\T1/ptm/m/n/10.95 derived chemokine: 2 chemokines that ac-ti-vate platelets. \T
1/ptm/m/it/10.95 Blood \T1/ptm/m/n/10.95 (2000).
 []


Overfull \hbox (16.53427pt too wide) in paragraph at lines 2341--2344
 [][][] []
 []


Underfull \hbox (badness 10000) in paragraph at lines 2341--2344
 
 []


Overfull \hbox (16.53427pt too wide) in paragraph at lines 2345--2348
 [][][] []
 []


Underfull \hbox (badness 10000) in paragraph at lines 2345--2348
 
 []


Overfull \hbox (16.53427pt too wide) in paragraph at lines 2349--2352
 [][][] []
 []


Underfull \hbox (badness 10000) in paragraph at lines 2349--2352
 
 []


Overfull \hbox (16.53427pt too wide) in paragraph at lines 2353--2356
 [][][] []
 []


Underfull \hbox (badness 10000) in paragraph at lines 2353--2356
 
 []


Overfull \hbox (16.53427pt too wide) in paragraph at lines 2357--2360
 [][][] []
 []


Underfull \hbox (badness 10000) in paragraph at lines 2357--2360
 
 []


Overfull \hbox (16.53427pt too wide) in paragraph at lines 2361--2364
 [][][] []
 []


Underfull \hbox (badness 10000) in paragraph at lines 2361--2364
 
 []


Overfull \hbox (16.53427pt too wide) in paragraph at lines 2365--2368
 [][][] []
 []


Underfull \hbox (badness 10000) in paragraph at lines 2365--2368
 
 []


Overfull \hbox (16.53427pt too wide) in paragraph at lines 2369--2372
 [][][] []
 []


Underfull \hbox (badness 10000) in paragraph at lines 2369--2372
 
 []


Overfull \hbox (16.53427pt too wide) in paragraph at lines 2373--2376
 [][][] []
 []


Underfull \hbox (badness 10000) in paragraph at lines 2373--2376
 
 []


Overfull \hbox (16.53427pt too wide) in paragraph at lines 2377--2380
 [][][] []
 []


Underfull \hbox (badness 10000) in paragraph at lines 2377--2380
 
 []


Underfull \vbox (badness 10000) has occurred while \output is active []

[157]
Overfull \hbox (16.53427pt too wide) in paragraph at lines 2381--2384
 [][][] []
 []


Underfull \hbox (badness 10000) in paragraph at lines 2381--2384
 
 []


Overfull \hbox (16.53427pt too wide) in paragraph at lines 2385--2388
 [][][] []
 []


Underfull \hbox (badness 10000) in paragraph at lines 2385--2388
 
 []


Overfull \hbox (16.53427pt too wide) in paragraph at lines 2389--2392
 [][][] []
 []


Underfull \hbox (badness 10000) in paragraph at lines 2389--2392
 
 []


Overfull \hbox (16.53427pt too wide) in paragraph at lines 2393--2396
 [][][] []
 []


Underfull \hbox (badness 10000) in paragraph at lines 2393--2396
 
 []


Overfull \hbox (16.53427pt too wide) in paragraph at lines 2397--2400
 [][][] []
 []


Underfull \hbox (badness 10000) in paragraph at lines 2397--2400
 
 []


Overfull \hbox (16.53427pt too wide) in paragraph at lines 2401--2404
 [][][] []
 []


Underfull \hbox (badness 10000) in paragraph at lines 2401--2404
 
 []


Overfull \hbox (16.53427pt too wide) in paragraph at lines 2405--2408
 [][][] []
 []


Underfull \hbox (badness 10000) in paragraph at lines 2405--2408
 
 []


Overfull \hbox (16.53427pt too wide) in paragraph at lines 2409--2412
 [][][] []
 []


Underfull \hbox (badness 10000) in paragraph at lines 2409--2412
 
 []


Overfull \hbox (16.53427pt too wide) in paragraph at lines 2413--2416
 [][][] []
 []


Underfull \hbox (badness 10000) in paragraph at lines 2413--2416
 
 []


Underfull \vbox (badness 10000) has occurred while \output is active []

[158]
Overfull \hbox (16.53427pt too wide) in paragraph at lines 2417--2420
 [][][] []
 []


Underfull \hbox (badness 10000) in paragraph at lines 2417--2420
 
 []


Overfull \hbox (16.53427pt too wide) in paragraph at lines 2421--2424
 [][][] []
 []


Underfull \hbox (badness 10000) in paragraph at lines 2421--2424
 
 []


Overfull \hbox (16.53427pt too wide) in paragraph at lines 2425--2428
 [][][] []
 []


Underfull \hbox (badness 10000) in paragraph at lines 2425--2428
 
 []


Overfull \hbox (16.53427pt too wide) in paragraph at lines 2429--2432
 [][][] []
 []


Underfull \hbox (badness 10000) in paragraph at lines 2429--2432
 
 []


Overfull \hbox (16.53427pt too wide) in paragraph at lines 2433--2436
 [][][] []
 []


Underfull \hbox (badness 10000) in paragraph at lines 2433--2436
 
 []


Overfull \hbox (16.53427pt too wide) in paragraph at lines 2437--2440
 [][][] []
 []


Underfull \hbox (badness 10000) in paragraph at lines 2437--2440
 
 []


Underfull \hbox (badness 1406) in paragraph at lines 2443--2443
[]\T1/ptm/m/n/10.95 Burgess, S., Davies, N. M. & Thomp-son, S. G. Bias due to p
ar-tic-i-pant over-
 []


Underfull \hbox (badness 5175) in paragraph at lines 2443--2443
\T1/ptm/m/n/10.95 lap in two-sample Mendelian ran-dom-iza-tion. \T1/ptm/m/it/10
.95 Ge-netic Epi-demi-ol-ogy \T1/ptm/m/n/10.95 (2016).
 []


Overfull \hbox (16.53427pt too wide) in paragraph at lines 2441--2444
 [][][] []
 []


Underfull \hbox (badness 10000) in paragraph at lines 2441--2444
 
 []


Overfull \hbox (16.53427pt too wide) in paragraph at lines 2445--2448
 [][][] []
 []


Underfull \hbox (badness 10000) in paragraph at lines 2445--2448
 
 []


Overfull \hbox (16.53427pt too wide) in paragraph at lines 2449--2452
 [][][] []
 []


Underfull \hbox (badness 10000) in paragraph at lines 2449--2452
 
 []


Underfull \vbox (badness 10000) has occurred while \output is active []

[159]
Overfull \hbox (16.53427pt too wide) in paragraph at lines 2453--2456
 [][][] []
 []


Underfull \hbox (badness 10000) in paragraph at lines 2453--2456
 
 []


Overfull \hbox (16.53427pt too wide) in paragraph at lines 2457--2460
 [][][] []
 []


Underfull \hbox (badness 10000) in paragraph at lines 2457--2460
 
 []


Overfull \hbox (16.53427pt too wide) in paragraph at lines 2461--2464
 [][][] []
 []


Underfull \hbox (badness 10000) in paragraph at lines 2461--2464
 
 []


Overfull \hbox (16.53427pt too wide) in paragraph at lines 2465--2468
 [][][] []
 []


Underfull \hbox (badness 10000) in paragraph at lines 2465--2468
 
 []


Overfull \hbox (16.53427pt too wide) in paragraph at lines 2469--2472
 [][][] []
 []


Underfull \hbox (badness 10000) in paragraph at lines 2469--2472
 
 []


Overfull \hbox (16.53427pt too wide) in paragraph at lines 2473--2476
 [][][] []
 []


Underfull \hbox (badness 10000) in paragraph at lines 2473--2476
 
 []


Overfull \hbox (16.53427pt too wide) in paragraph at lines 2477--2480
 [][][] []
 []


Underfull \hbox (badness 10000) in paragraph at lines 2477--2480
 
 []


Overfull \hbox (16.53427pt too wide) in paragraph at lines 2481--2484
 [][][] []
 []


Underfull \hbox (badness 10000) in paragraph at lines 2481--2484
 
 []


Overfull \hbox (16.53427pt too wide) in paragraph at lines 2485--2488
 [][][] []
 []


Underfull \hbox (badness 10000) in paragraph at lines 2485--2488
 
 []


Overfull \hbox (16.53427pt too wide) in paragraph at lines 2489--2492
 [][][] []
 []


Underfull \hbox (badness 10000) in paragraph at lines 2489--2492
 
 []


Underfull \vbox (badness 10000) has occurred while \output is active []

[160]
Overfull \hbox (16.53427pt too wide) in paragraph at lines 2493--2496
 [][][] []
 []


Underfull \hbox (badness 10000) in paragraph at lines 2493--2496
 
 []


Overfull \hbox (16.53427pt too wide) in paragraph at lines 2497--2500
 [][][] []
 []


Underfull \hbox (badness 10000) in paragraph at lines 2497--2500
 
 []


Overfull \hbox (16.53427pt too wide) in paragraph at lines 2501--2504
 [][][] []
 []


Underfull \hbox (badness 10000) in paragraph at lines 2501--2504
 
 []

[161] [162

] [163] (./thesis.aux)

LaTeX Warning: There were undefined references.

Package rerunfilecheck Info: File `thesis.out' has not changed.
(rerunfilecheck)             Checksum: 6C61CEC479A0E589058B3FAF749BEE64;36915.
 )
(\end occurred inside a group at level 2)

### semi simple group (level 2) entered at line 230 (\begingroup)
### semi simple group (level 1) entered at line 186 (\begingroup)
### bottom level 
Here is how much of TeX's memory you used:
 27493 strings out of 480559
 537704 string characters out of 5902452
 815084 words of memory out of 5000000
 43842 multiletter control sequences out of 15000+600000
 462366 words of font info for 90 fonts, out of 8000000 for 9000
 14 hyphenation exceptions out of 8191
 84i,16n,89p,2620b,2117s stack positions out of 5000i,500n,10000p,200000b,80000s
{/Users/lg14289/Library/TinyTeX/texmf-dist/fonts/enc/dvips/base
/8r.enc}{/Users/lg14289/Library/TinyTeX/texmf-dist/fonts/enc/dvips/lm/lm-mathsy
.enc}{/Users/lg14289/Library/TinyTeX/texmf-dist/fonts/enc/dvips/lm/lm-mathit.en
c}</Users/lg14289/Library/TinyTeX/texmf-dist/fonts/type1/public/lm/lmmi10.pfb><
/Users/lg14289/Library/TinyTeX/texmf-dist/fonts/type1/public/lm/lmmi12.pfb></Us
ers/lg14289/Library/TinyTeX/texmf-dist/fonts/type1/public/lm/lmmi8.pfb></Users/
lg14289/Library/TinyTeX/texmf-dist/fonts/type1/public/lm/lmsy10.pfb></Users/lg1
4289/Library/TinyTeX/texmf-dist/fonts/type1/urw/courier/ucrr8a.pfb></Users/lg14
289/Library/TinyTeX/texmf-dist/fonts/type1/urw/times/utmb8a.pfb></Users/lg14289
/Library/TinyTeX/texmf-dist/fonts/type1/urw/times/utmr8a.pfb></Users/lg14289/Li
brary/TinyTeX/texmf-dist/fonts/type1/urw/times/utmri8a.pfb>
Output written on thesis.pdf (179 pages, 4236177 bytes).
PDF statistics:
 3169 PDF objects out of 3580 (max. 8388607)
 2701 compressed objects within 28 object streams
 699 named destinations out of 1000 (max. 500000)
 1402 words of extra memory for PDF output out of 10000 (max. 10000000)

